::ffff:127.0.0.1 - - [Sun, 06 May 2018 15:16:08 GMT] "GET / HTTP/1.1" 304 - "http://localhost:3000/login" "Mozilla/5.0 (Windows NT 10.0; Win64; x64; rv:59.0) Gecko/20100101 Firefox/59.0"
::ffff:127.0.0.1 - - [Sun, 06 May 2018 15:16:08 GMT] "GET /stylesheets/style.css HTTP/1.1" 304 - "http://localhost:3000/" "Mozilla/5.0 (Windows NT 10.0; Win64; x64; rv:59.0) Gecko/20100101 Firefox/59.0"
::ffff:127.0.0.1 - - [Sun, 06 May 2018 15:16:08 GMT] "GET /images/leetcode.jpg HTTP/1.1" 304 - "http://localhost:3000/" "Mozilla/5.0 (Windows NT 10.0; Win64; x64; rv:59.0) Gecko/20100101 Firefox/59.0"
::ffff:127.0.0.1 - - [Sun, 06 May 2018 15:16:14 GMT] "GET /logout HTTP/1.1" 302 46 "http://localhost:3000/" "Mozilla/5.0 (Windows NT 10.0; Win64; x64; rv:59.0) Gecko/20100101 Firefox/59.0"
::ffff:127.0.0.1 - - [Sun, 06 May 2018 15:16:14 GMT] "GET / HTTP/1.1" 200 3499 "http://localhost:3000/" "Mozilla/5.0 (Windows NT 10.0; Win64; x64; rv:59.0) Gecko/20100101 Firefox/59.0"
::ffff:127.0.0.1 - - [Sun, 06 May 2018 15:16:14 GMT] "GET /stylesheets/style.css HTTP/1.1" 200 687 "http://localhost:3000/" "Mozilla/5.0 (Windows NT 10.0; Win64; x64; rv:59.0) Gecko/20100101 Firefox/59.0"
::ffff:127.0.0.1 - - [Sun, 06 May 2018 15:16:14 GMT] "GET /images/leetcode.jpg HTTP/1.1" 200 3645 "http://localhost:3000/" "Mozilla/5.0 (Windows NT 10.0; Win64; x64; rv:59.0) Gecko/20100101 Firefox/59.0"
::ffff:127.0.0.1 - - [Sun, 06 May 2018 15:16:15 GMT] "GET / HTTP/1.1" 200 3484 "http://localhost:3000/" "Mozilla/5.0 (Windows NT 10.0; Win64; x64; rv:59.0) Gecko/20100101 Firefox/59.0"
::ffff:127.0.0.1 - - [Sun, 06 May 2018 15:16:15 GMT] "GET /stylesheets/style.css HTTP/1.1" 304 - "http://localhost:3000/" "Mozilla/5.0 (Windows NT 10.0; Win64; x64; rv:59.0) Gecko/20100101 Firefox/59.0"
::ffff:127.0.0.1 - - [Sun, 06 May 2018 15:16:15 GMT] "GET /images/leetcode.jpg HTTP/1.1" 200 3645 "http://localhost:3000/" "Mozilla/5.0 (Windows NT 10.0; Win64; x64; rv:59.0) Gecko/20100101 Firefox/59.0"
::ffff:127.0.0.1 - - [Sun, 06 May 2018 15:16:46 GMT] "GET /dfgdfg HTTP/1.1" 200 216 "-" "Mozilla/5.0 (Windows NT 10.0; Win64; x64; rv:59.0) Gecko/20100101 Firefox/59.0"
::ffff:127.0.0.1 - - [Sun, 06 May 2018 15:17:02 GMT] "GET /stylesheets/style.css HTTP/1.1" 200 687 "http://localhost:3000/" "Mozilla/5.0 (Windows NT 10.0; Win64; x64; rv:59.0) Gecko/20100101 Firefox/59.0"
::ffff:127.0.0.1 - - [Sun, 06 May 2018 15:17:03 GMT] "GET / HTTP/1.1" 304 - "http://localhost:3000/" "Mozilla/5.0 (Windows NT 10.0; Win64; x64; rv:59.0) Gecko/20100101 Firefox/59.0"
::ffff:127.0.0.1 - - [Sun, 06 May 2018 15:17:03 GMT] "GET /stylesheets/style.css HTTP/1.1" 200 687 "http://localhost:3000/" "Mozilla/5.0 (Windows NT 10.0; Win64; x64; rv:59.0) Gecko/20100101 Firefox/59.0"
::ffff:127.0.0.1 - - [Sun, 06 May 2018 15:17:03 GMT] "GET /images/leetcode.jpg HTTP/1.1" 200 3645 "http://localhost:3000/" "Mozilla/5.0 (Windows NT 10.0; Win64; x64; rv:59.0) Gecko/20100101 Firefox/59.0"
::1 - - [Sun, 06 May 2018 15:18:49 GMT] "GET / HTTP/1.1" 304 - "http://localhost:3000/" "Mozilla/5.0 (Windows NT 10.0; Win64; x64; rv:59.0) Gecko/20100101 Firefox/59.0"
::1 - - [Sun, 06 May 2018 15:18:49 GMT] "GET /stylesheets/style.css HTTP/1.1" 200 687 "http://localhost:3000/" "Mozilla/5.0 (Windows NT 10.0; Win64; x64; rv:59.0) Gecko/20100101 Firefox/59.0"
::1 - - [Sun, 06 May 2018 15:18:49 GMT] "GET /images/leetcode.jpg HTTP/1.1" 200 3645 "http://localhost:3000/" "Mozilla/5.0 (Windows NT 10.0; Win64; x64; rv:59.0) Gecko/20100101 Firefox/59.0"
::1 - - [Sun, 06 May 2018 15:18:51 GMT] "GET / HTTP/1.1" 304 - "http://localhost:3000/" "Mozilla/5.0 (Windows NT 10.0; Win64; x64; rv:59.0) Gecko/20100101 Firefox/59.0"
::1 - - [Sun, 06 May 2018 15:18:51 GMT] "GET /stylesheets/style.css HTTP/1.1" 200 687 "http://localhost:3000/" "Mozilla/5.0 (Windows NT 10.0; Win64; x64; rv:59.0) Gecko/20100101 Firefox/59.0"
::1 - - [Sun, 06 May 2018 15:18:51 GMT] "GET /images/leetcode.jpg HTTP/1.1" 304 - "http://localhost:3000/" "Mozilla/5.0 (Windows NT 10.0; Win64; x64; rv:59.0) Gecko/20100101 Firefox/59.0"
::1 - - [Sun, 06 May 2018 15:18:52 GMT] "GET / HTTP/1.1" 304 - "http://localhost:3000/" "Mozilla/5.0 (Windows NT 10.0; Win64; x64; rv:59.0) Gecko/20100101 Firefox/59.0"
::1 - - [Sun, 06 May 2018 15:18:52 GMT] "GET /stylesheets/style.css HTTP/1.1" 304 - "http://localhost:3000/" "Mozilla/5.0 (Windows NT 10.0; Win64; x64; rv:59.0) Gecko/20100101 Firefox/59.0"
::1 - - [Sun, 06 May 2018 15:18:52 GMT] "GET /images/leetcode.jpg HTTP/1.1" 304 - "http://localhost:3000/" "Mozilla/5.0 (Windows NT 10.0; Win64; x64; rv:59.0) Gecko/20100101 Firefox/59.0"
::1 - - [Sun, 06 May 2018 15:18:55 GMT] "GET /login HTTP/1.1" 200 749 "http://localhost:3000/" "Mozilla/5.0 (Windows NT 10.0; Win64; x64; rv:59.0) Gecko/20100101 Firefox/59.0"
::1 - - [Sun, 06 May 2018 15:18:55 GMT] "GET /stylesheets/style.css HTTP/1.1" 304 - "http://localhost:3000/login" "Mozilla/5.0 (Windows NT 10.0; Win64; x64; rv:59.0) Gecko/20100101 Firefox/59.0"
::1 - - [Sun, 06 May 2018 15:19:02 GMT] "POST /login HTTP/1.1" 302 46 "http://localhost:3000/login" "Mozilla/5.0 (Windows NT 10.0; Win64; x64; rv:59.0) Gecko/20100101 Firefox/59.0"
::1 - - [Sun, 06 May 2018 15:19:02 GMT] "GET / HTTP/1.1" 200 3531 "http://localhost:3000/login" "Mozilla/5.0 (Windows NT 10.0; Win64; x64; rv:59.0) Gecko/20100101 Firefox/59.0"
::1 - - [Sun, 06 May 2018 15:19:02 GMT] "GET /stylesheets/style.css HTTP/1.1" 200 687 "http://localhost:3000/" "Mozilla/5.0 (Windows NT 10.0; Win64; x64; rv:59.0) Gecko/20100101 Firefox/59.0"
::1 - - [Sun, 06 May 2018 15:19:02 GMT] "GET /images/leetcode.jpg HTTP/1.1" 200 3645 "http://localhost:3000/" "Mozilla/5.0 (Windows NT 10.0; Win64; x64; rv:59.0) Gecko/20100101 Firefox/59.0"
::1 - - [Sun, 06 May 2018 15:19:55 GMT] "GET /upload HTTP/1.1" 200 876 "http://localhost:3000/" "Mozilla/5.0 (Windows NT 10.0; Win64; x64; rv:59.0) Gecko/20100101 Firefox/59.0"
::1 - - [Sun, 06 May 2018 15:19:55 GMT] "GET /stylesheets/style.css HTTP/1.1" 200 687 "http://localhost:3000/upload" "Mozilla/5.0 (Windows NT 10.0; Win64; x64; rv:59.0) Gecko/20100101 Firefox/59.0"
::1 - - [Mon, 07 May 2018 11:53:15 GMT] "GET /stylesheets/style.css HTTP/1.1" 200 687 "http://localhost:3000/" "Mozilla/5.0 (Windows NT 10.0; Win64; x64; rv:59.0) Gecko/20100101 Firefox/59.0"
::1 - - [Mon, 07 May 2018 11:53:15 GMT] "GET /images/leetcode.jpg HTTP/1.1" 200 3645 "http://localhost:3000/" "Mozilla/5.0 (Windows NT 10.0; Win64; x64; rv:59.0) Gecko/20100101 Firefox/59.0"
::1 - - [Mon, 07 May 2018 11:53:16 GMT] "GET / HTTP/1.1" 200 3484 "-" "Mozilla/5.0 (Windows NT 10.0; Win64; x64; rv:59.0) Gecko/20100101 Firefox/59.0"
::1 - - [Mon, 07 May 2018 11:53:16 GMT] "GET /favicon.ico HTTP/1.1" 200 216 "-" "Mozilla/5.0 (Windows NT 10.0; Win64; x64; rv:59.0) Gecko/20100101 Firefox/59.0"
::1 - - [Mon, 07 May 2018 11:53:16 GMT] "GET /favicon.ico HTTP/1.1" 200 216 "-" "Mozilla/5.0 (Windows NT 10.0; Win64; x64; rv:59.0) Gecko/20100101 Firefox/59.0"
::1 - - [Mon, 07 May 2018 11:54:01 GMT] "GET / HTTP/1.1" 304 - "-" "Mozilla/5.0 (Windows NT 10.0; Win64; x64; rv:59.0) Gecko/20100101 Firefox/59.0"
::1 - - [Mon, 07 May 2018 11:54:01 GMT] "GET /stylesheets/style.css HTTP/1.1" 200 687 "http://localhost:3000/" "Mozilla/5.0 (Windows NT 10.0; Win64; x64; rv:59.0) Gecko/20100101 Firefox/59.0"
::1 - - [Mon, 07 May 2018 11:54:01 GMT] "GET /images/leetcode.jpg HTTP/1.1" 200 3645 "http://localhost:3000/" "Mozilla/5.0 (Windows NT 10.0; Win64; x64; rv:59.0) Gecko/20100101 Firefox/59.0"
::1 - - [Mon, 07 May 2018 11:57:14 GMT] "GET / HTTP/1.1" 304 - "-" "Mozilla/5.0 (Windows NT 10.0; Win64; x64; rv:59.0) Gecko/20100101 Firefox/59.0"
::1 - - [Mon, 07 May 2018 11:57:14 GMT] "GET /stylesheets/style.css HTTP/1.1" 304 - "http://localhost:3000/" "Mozilla/5.0 (Windows NT 10.0; Win64; x64; rv:59.0) Gecko/20100101 Firefox/59.0"
::1 - - [Mon, 07 May 2018 11:57:14 GMT] "GET /images/leetcode.jpg HTTP/1.1" 200 3645 "http://localhost:3000/" "Mozilla/5.0 (Windows NT 10.0; Win64; x64; rv:59.0) Gecko/20100101 Firefox/59.0"
::1 - - [Mon, 07 May 2018 11:57:16 GMT] "GET /login HTTP/1.1" 200 749 "http://localhost:3000/" "Mozilla/5.0 (Windows NT 10.0; Win64; x64; rv:59.0) Gecko/20100101 Firefox/59.0"
::1 - - [Mon, 07 May 2018 11:57:16 GMT] "GET /stylesheets/style.css HTTP/1.1" 304 - "http://localhost:3000/login" "Mozilla/5.0 (Windows NT 10.0; Win64; x64; rv:59.0) Gecko/20100101 Firefox/59.0"
::1 - - [Mon, 07 May 2018 11:57:27 GMT] "POST /login HTTP/1.1" 302 46 "http://localhost:3000/login" "Mozilla/5.0 (Windows NT 10.0; Win64; x64; rv:59.0) Gecko/20100101 Firefox/59.0"
::1 - - [Mon, 07 May 2018 11:57:27 GMT] "GET / HTTP/1.1" 200 3484 "http://localhost:3000/login" "Mozilla/5.0 (Windows NT 10.0; Win64; x64; rv:59.0) Gecko/20100101 Firefox/59.0"
::1 - - [Mon, 07 May 2018 11:57:27 GMT] "GET /stylesheets/style.css HTTP/1.1" 304 - "http://localhost:3000/" "Mozilla/5.0 (Windows NT 10.0; Win64; x64; rv:59.0) Gecko/20100101 Firefox/59.0"
::1 - - [Mon, 07 May 2018 11:57:27 GMT] "GET /images/leetcode.jpg HTTP/1.1" 304 - "http://localhost:3000/" "Mozilla/5.0 (Windows NT 10.0; Win64; x64; rv:59.0) Gecko/20100101 Firefox/59.0"
::1 - - [Mon, 07 May 2018 11:57:31 GMT] "GET / HTTP/1.1" 200 3531 "http://localhost:3000/" "Mozilla/5.0 (Windows NT 10.0; Win64; x64; rv:59.0) Gecko/20100101 Firefox/59.0"
::1 - - [Mon, 07 May 2018 11:57:31 GMT] "GET /stylesheets/style.css HTTP/1.1" 304 - "http://localhost:3000/" "Mozilla/5.0 (Windows NT 10.0; Win64; x64; rv:59.0) Gecko/20100101 Firefox/59.0"
::1 - - [Mon, 07 May 2018 11:57:31 GMT] "GET /images/leetcode.jpg HTTP/1.1" 304 - "http://localhost:3000/" "Mozilla/5.0 (Windows NT 10.0; Win64; x64; rv:59.0) Gecko/20100101 Firefox/59.0"
::1 - - [Mon, 07 May 2018 11:57:32 GMT] "GET /post HTTP/1.1" 200 811 "http://localhost:3000/" "Mozilla/5.0 (Windows NT 10.0; Win64; x64; rv:59.0) Gecko/20100101 Firefox/59.0"
::1 - - [Mon, 07 May 2018 11:57:33 GMT] "GET /stylesheets/style.css HTTP/1.1" 304 - "http://localhost:3000/post" "Mozilla/5.0 (Windows NT 10.0; Win64; x64; rv:59.0) Gecko/20100101 Firefox/59.0"
::1 - - [Mon, 07 May 2018 11:59:09 GMT] "POST /post HTTP/1.1" 302 46 "http://localhost:3000/post" "Mozilla/5.0 (Windows NT 10.0; Win64; x64; rv:59.0) Gecko/20100101 Firefox/59.0"
::1 - - [Mon, 07 May 2018 11:59:09 GMT] "GET / HTTP/1.1" 200 3892 "http://localhost:3000/post" "Mozilla/5.0 (Windows NT 10.0; Win64; x64; rv:59.0) Gecko/20100101 Firefox/59.0"
::1 - - [Mon, 07 May 2018 11:59:09 GMT] "GET /stylesheets/style.css HTTP/1.1" 200 687 "http://localhost:3000/" "Mozilla/5.0 (Windows NT 10.0; Win64; x64; rv:59.0) Gecko/20100101 Firefox/59.0"
::1 - - [Mon, 07 May 2018 11:59:09 GMT] "GET /images/leetcode.jpg HTTP/1.1" 200 3645 "http://localhost:3000/" "Mozilla/5.0 (Windows NT 10.0; Win64; x64; rv:59.0) Gecko/20100101 Firefox/59.0"
::1 - - [Mon, 07 May 2018 12:53:44 GMT] "GET / HTTP/1.1" 200 3880 "http://localhost:3000/post" "Mozilla/5.0 (Windows NT 10.0; Win64; x64; rv:59.0) Gecko/20100101 Firefox/59.0"
::1 - - [Mon, 07 May 2018 12:53:44 GMT] "GET /stylesheets/style.css HTTP/1.1" 200 687 "http://localhost:3000/" "Mozilla/5.0 (Windows NT 10.0; Win64; x64; rv:59.0) Gecko/20100101 Firefox/59.0"
::1 - - [Mon, 07 May 2018 12:53:44 GMT] "GET /images/leetcode.jpg HTTP/1.1" 200 3645 "http://localhost:3000/" "Mozilla/5.0 (Windows NT 10.0; Win64; x64; rv:59.0) Gecko/20100101 Firefox/59.0"
::1 - - [Mon, 07 May 2018 12:53:45 GMT] "GET / HTTP/1.1" 304 - "http://localhost:3000/post" "Mozilla/5.0 (Windows NT 10.0; Win64; x64; rv:59.0) Gecko/20100101 Firefox/59.0"
::1 - - [Mon, 07 May 2018 12:53:45 GMT] "GET /stylesheets/style.css HTTP/1.1" 304 - "http://localhost:3000/" "Mozilla/5.0 (Windows NT 10.0; Win64; x64; rv:59.0) Gecko/20100101 Firefox/59.0"
::1 - - [Mon, 07 May 2018 12:53:45 GMT] "GET /images/leetcode.jpg HTTP/1.1" 304 - "http://localhost:3000/" "Mozilla/5.0 (Windows NT 10.0; Win64; x64; rv:59.0) Gecko/20100101 Firefox/59.0"
::1 - - [Mon, 07 May 2018 12:53:45 GMT] "GET / HTTP/1.1" 304 - "http://localhost:3000/post" "Mozilla/5.0 (Windows NT 10.0; Win64; x64; rv:59.0) Gecko/20100101 Firefox/59.0"
::1 - - [Mon, 07 May 2018 12:53:45 GMT] "GET /stylesheets/style.css HTTP/1.1" 200 687 "http://localhost:3000/" "Mozilla/5.0 (Windows NT 10.0; Win64; x64; rv:59.0) Gecko/20100101 Firefox/59.0"
::1 - - [Mon, 07 May 2018 12:53:45 GMT] "GET /images/leetcode.jpg HTTP/1.1" 200 3645 "http://localhost:3000/" "Mozilla/5.0 (Windows NT 10.0; Win64; x64; rv:59.0) Gecko/20100101 Firefox/59.0"
::1 - - [Mon, 07 May 2018 12:53:46 GMT] "GET / HTTP/1.1" 304 - "http://localhost:3000/post" "Mozilla/5.0 (Windows NT 10.0; Win64; x64; rv:59.0) Gecko/20100101 Firefox/59.0"
::1 - - [Mon, 07 May 2018 12:53:46 GMT] "GET /stylesheets/style.css HTTP/1.1" 304 - "http://localhost:3000/" "Mozilla/5.0 (Windows NT 10.0; Win64; x64; rv:59.0) Gecko/20100101 Firefox/59.0"
::1 - - [Mon, 07 May 2018 12:53:46 GMT] "GET /images/leetcode.jpg HTTP/1.1" 304 - "http://localhost:3000/" "Mozilla/5.0 (Windows NT 10.0; Win64; x64; rv:59.0) Gecko/20100101 Firefox/59.0"
::1 - - [Mon, 07 May 2018 12:53:46 GMT] "GET / HTTP/1.1" 304 - "http://localhost:3000/post" "Mozilla/5.0 (Windows NT 10.0; Win64; x64; rv:59.0) Gecko/20100101 Firefox/59.0"
::1 - - [Mon, 07 May 2018 12:53:46 GMT] "GET /stylesheets/style.css HTTP/1.1" 304 - "http://localhost:3000/" "Mozilla/5.0 (Windows NT 10.0; Win64; x64; rv:59.0) Gecko/20100101 Firefox/59.0"
::1 - - [Mon, 07 May 2018 12:53:46 GMT] "GET /images/leetcode.jpg HTTP/1.1" 304 - "http://localhost:3000/" "Mozilla/5.0 (Windows NT 10.0; Win64; x64; rv:59.0) Gecko/20100101 Firefox/59.0"
::1 - - [Mon, 07 May 2018 12:53:46 GMT] "GET / HTTP/1.1" 304 - "http://localhost:3000/post" "Mozilla/5.0 (Windows NT 10.0; Win64; x64; rv:59.0) Gecko/20100101 Firefox/59.0"
::1 - - [Mon, 07 May 2018 12:53:46 GMT] "GET /stylesheets/style.css HTTP/1.1" 304 - "http://localhost:3000/" "Mozilla/5.0 (Windows NT 10.0; Win64; x64; rv:59.0) Gecko/20100101 Firefox/59.0"
::1 - - [Mon, 07 May 2018 12:53:46 GMT] "GET /images/leetcode.jpg HTTP/1.1" 304 - "http://localhost:3000/" "Mozilla/5.0 (Windows NT 10.0; Win64; x64; rv:59.0) Gecko/20100101 Firefox/59.0"
::1 - - [Mon, 07 May 2018 12:53:46 GMT] "GET / HTTP/1.1" 304 - "http://localhost:3000/post" "Mozilla/5.0 (Windows NT 10.0; Win64; x64; rv:59.0) Gecko/20100101 Firefox/59.0"
::1 - - [Mon, 07 May 2018 12:53:46 GMT] "GET /stylesheets/style.css HTTP/1.1" 304 - "http://localhost:3000/" "Mozilla/5.0 (Windows NT 10.0; Win64; x64; rv:59.0) Gecko/20100101 Firefox/59.0"
::1 - - [Mon, 07 May 2018 12:53:46 GMT] "GET /images/leetcode.jpg HTTP/1.1" 304 - "http://localhost:3000/" "Mozilla/5.0 (Windows NT 10.0; Win64; x64; rv:59.0) Gecko/20100101 Firefox/59.0"
::1 - - [Mon, 07 May 2018 12:53:46 GMT] "GET / HTTP/1.1" 304 - "http://localhost:3000/post" "Mozilla/5.0 (Windows NT 10.0; Win64; x64; rv:59.0) Gecko/20100101 Firefox/59.0"
::1 - - [Mon, 07 May 2018 12:53:46 GMT] "GET /stylesheets/style.css HTTP/1.1" 304 - "http://localhost:3000/" "Mozilla/5.0 (Windows NT 10.0; Win64; x64; rv:59.0) Gecko/20100101 Firefox/59.0"
::1 - - [Mon, 07 May 2018 12:53:46 GMT] "GET /images/leetcode.jpg HTTP/1.1" 304 - "http://localhost:3000/" "Mozilla/5.0 (Windows NT 10.0; Win64; x64; rv:59.0) Gecko/20100101 Firefox/59.0"
::1 - - [Mon, 07 May 2018 12:53:46 GMT] "GET / HTTP/1.1" 304 - "http://localhost:3000/post" "Mozilla/5.0 (Windows NT 10.0; Win64; x64; rv:59.0) Gecko/20100101 Firefox/59.0"
::1 - - [Mon, 07 May 2018 12:53:46 GMT] "GET /stylesheets/style.css HTTP/1.1" 304 - "http://localhost:3000/" "Mozilla/5.0 (Windows NT 10.0; Win64; x64; rv:59.0) Gecko/20100101 Firefox/59.0"
::1 - - [Mon, 07 May 2018 12:53:46 GMT] "GET /images/leetcode.jpg HTTP/1.1" 304 - "http://localhost:3000/" "Mozilla/5.0 (Windows NT 10.0; Win64; x64; rv:59.0) Gecko/20100101 Firefox/59.0"
::1 - - [Mon, 07 May 2018 12:53:47 GMT] "GET / HTTP/1.1" 304 - "http://localhost:3000/post" "Mozilla/5.0 (Windows NT 10.0; Win64; x64; rv:59.0) Gecko/20100101 Firefox/59.0"
::1 - - [Mon, 07 May 2018 12:53:47 GMT] "GET /stylesheets/style.css HTTP/1.1" 304 - "http://localhost:3000/" "Mozilla/5.0 (Windows NT 10.0; Win64; x64; rv:59.0) Gecko/20100101 Firefox/59.0"
::1 - - [Mon, 07 May 2018 12:53:47 GMT] "GET /images/leetcode.jpg HTTP/1.1" 304 - "http://localhost:3000/" "Mozilla/5.0 (Windows NT 10.0; Win64; x64; rv:59.0) Gecko/20100101 Firefox/59.0"
::1 - - [Mon, 07 May 2018 12:53:47 GMT] "GET / HTTP/1.1" 304 - "http://localhost:3000/post" "Mozilla/5.0 (Windows NT 10.0; Win64; x64; rv:59.0) Gecko/20100101 Firefox/59.0"
::1 - - [Mon, 07 May 2018 12:53:47 GMT] "GET /stylesheets/style.css HTTP/1.1" 304 - "http://localhost:3000/" "Mozilla/5.0 (Windows NT 10.0; Win64; x64; rv:59.0) Gecko/20100101 Firefox/59.0"
::1 - - [Mon, 07 May 2018 12:53:47 GMT] "GET /images/leetcode.jpg HTTP/1.1" 304 - "http://localhost:3000/" "Mozilla/5.0 (Windows NT 10.0; Win64; x64; rv:59.0) Gecko/20100101 Firefox/59.0"
::1 - - [Mon, 07 May 2018 12:53:47 GMT] "GET / HTTP/1.1" 304 - "http://localhost:3000/post" "Mozilla/5.0 (Windows NT 10.0; Win64; x64; rv:59.0) Gecko/20100101 Firefox/59.0"
::1 - - [Mon, 07 May 2018 12:53:47 GMT] "GET /stylesheets/style.css HTTP/1.1" 304 - "http://localhost:3000/" "Mozilla/5.0 (Windows NT 10.0; Win64; x64; rv:59.0) Gecko/20100101 Firefox/59.0"
::1 - - [Mon, 07 May 2018 12:53:47 GMT] "GET /images/leetcode.jpg HTTP/1.1" 304 - "http://localhost:3000/" "Mozilla/5.0 (Windows NT 10.0; Win64; x64; rv:59.0) Gecko/20100101 Firefox/59.0"
::1 - - [Mon, 07 May 2018 12:53:47 GMT] "GET / HTTP/1.1" 304 - "http://localhost:3000/post" "Mozilla/5.0 (Windows NT 10.0; Win64; x64; rv:59.0) Gecko/20100101 Firefox/59.0"
::1 - - [Mon, 07 May 2018 12:53:47 GMT] "GET /stylesheets/style.css HTTP/1.1" 304 - "http://localhost:3000/" "Mozilla/5.0 (Windows NT 10.0; Win64; x64; rv:59.0) Gecko/20100101 Firefox/59.0"
::1 - - [Mon, 07 May 2018 12:53:47 GMT] "GET /images/leetcode.jpg HTTP/1.1" 304 - "http://localhost:3000/" "Mozilla/5.0 (Windows NT 10.0; Win64; x64; rv:59.0) Gecko/20100101 Firefox/59.0"
::1 - - [Mon, 07 May 2018 13:07:28 GMT] "GET / HTTP/1.1" 200 3901 "http://localhost:3000/post" "Mozilla/5.0 (Windows NT 10.0; Win64; x64; rv:59.0) Gecko/20100101 Firefox/59.0"
::1 - - [Mon, 07 May 2018 13:07:28 GMT] "GET /stylesheets/style.css HTTP/1.1" 304 - "http://localhost:3000/" "Mozilla/5.0 (Windows NT 10.0; Win64; x64; rv:59.0) Gecko/20100101 Firefox/59.0"
::1 - - [Mon, 07 May 2018 13:07:28 GMT] "GET /images/leetcode.jpg HTTP/1.1" 304 - "http://localhost:3000/" "Mozilla/5.0 (Windows NT 10.0; Win64; x64; rv:59.0) Gecko/20100101 Firefox/59.0"
::1 - - [Mon, 07 May 2018 13:07:29 GMT] "GET / HTTP/1.1" 304 - "http://localhost:3000/post" "Mozilla/5.0 (Windows NT 10.0; Win64; x64; rv:59.0) Gecko/20100101 Firefox/59.0"
::1 - - [Mon, 07 May 2018 13:07:29 GMT] "GET /stylesheets/style.css HTTP/1.1" 304 - "http://localhost:3000/" "Mozilla/5.0 (Windows NT 10.0; Win64; x64; rv:59.0) Gecko/20100101 Firefox/59.0"
::1 - - [Mon, 07 May 2018 13:07:29 GMT] "GET /images/leetcode.jpg HTTP/1.1" 304 - "http://localhost:3000/" "Mozilla/5.0 (Windows NT 10.0; Win64; x64; rv:59.0) Gecko/20100101 Firefox/59.0"
::1 - - [Mon, 07 May 2018 13:07:32 GMT] "GET / HTTP/1.1" 304 - "http://localhost:3000/" "Mozilla/5.0 (Windows NT 10.0; Win64; x64; rv:59.0) Gecko/20100101 Firefox/59.0"
::1 - - [Mon, 07 May 2018 13:07:32 GMT] "GET /stylesheets/style.css HTTP/1.1" 304 - "http://localhost:3000/" "Mozilla/5.0 (Windows NT 10.0; Win64; x64; rv:59.0) Gecko/20100101 Firefox/59.0"
::1 - - [Mon, 07 May 2018 13:07:32 GMT] "GET /images/leetcode.jpg HTTP/1.1" 304 - "http://localhost:3000/" "Mozilla/5.0 (Windows NT 10.0; Win64; x64; rv:59.0) Gecko/20100101 Firefox/59.0"
::1 - - [Mon, 07 May 2018 13:07:34 GMT] "GET / HTTP/1.1" 304 - "http://localhost:3000/" "Mozilla/5.0 (Windows NT 10.0; Win64; x64; rv:59.0) Gecko/20100101 Firefox/59.0"
::1 - - [Mon, 07 May 2018 13:07:34 GMT] "GET /stylesheets/style.css HTTP/1.1" 304 - "http://localhost:3000/" "Mozilla/5.0 (Windows NT 10.0; Win64; x64; rv:59.0) Gecko/20100101 Firefox/59.0"
::1 - - [Mon, 07 May 2018 13:07:34 GMT] "GET /images/leetcode.jpg HTTP/1.1" 304 - "http://localhost:3000/" "Mozilla/5.0 (Windows NT 10.0; Win64; x64; rv:59.0) Gecko/20100101 Firefox/59.0"
::1 - - [Mon, 07 May 2018 13:07:38 GMT] "GET / HTTP/1.1" 304 - "http://localhost:3000/" "Mozilla/5.0 (Windows NT 10.0; Win64; x64; rv:59.0) Gecko/20100101 Firefox/59.0"
::1 - - [Mon, 07 May 2018 13:07:38 GMT] "GET /stylesheets/style.css HTTP/1.1" 304 - "http://localhost:3000/" "Mozilla/5.0 (Windows NT 10.0; Win64; x64; rv:59.0) Gecko/20100101 Firefox/59.0"
::1 - - [Mon, 07 May 2018 13:07:38 GMT] "GET /images/leetcode.jpg HTTP/1.1" 304 - "http://localhost:3000/" "Mozilla/5.0 (Windows NT 10.0; Win64; x64; rv:59.0) Gecko/20100101 Firefox/59.0"
::1 - - [Mon, 07 May 2018 13:07:39 GMT] "GET /post HTTP/1.1" 200 811 "http://localhost:3000/" "Mozilla/5.0 (Windows NT 10.0; Win64; x64; rv:59.0) Gecko/20100101 Firefox/59.0"
::1 - - [Mon, 07 May 2018 13:07:39 GMT] "GET /stylesheets/style.css HTTP/1.1" 304 - "http://localhost:3000/post" "Mozilla/5.0 (Windows NT 10.0; Win64; x64; rv:59.0) Gecko/20100101 Firefox/59.0"
::1 - - [Mon, 07 May 2018 13:07:39 GMT] "GET /logout HTTP/1.1" 302 46 "http://localhost:3000/post" "Mozilla/5.0 (Windows NT 10.0; Win64; x64; rv:59.0) Gecko/20100101 Firefox/59.0"
::1 - - [Mon, 07 May 2018 13:07:39 GMT] "GET / HTTP/1.1" 200 3882 "http://localhost:3000/post" "Mozilla/5.0 (Windows NT 10.0; Win64; x64; rv:59.0) Gecko/20100101 Firefox/59.0"
::1 - - [Mon, 07 May 2018 13:07:39 GMT] "GET /stylesheets/style.css HTTP/1.1" 304 - "http://localhost:3000/" "Mozilla/5.0 (Windows NT 10.0; Win64; x64; rv:59.0) Gecko/20100101 Firefox/59.0"
::1 - - [Mon, 07 May 2018 13:07:39 GMT] "GET /images/leetcode.jpg HTTP/1.1" 304 - "http://localhost:3000/" "Mozilla/5.0 (Windows NT 10.0; Win64; x64; rv:59.0) Gecko/20100101 Firefox/59.0"
::1 - - [Mon, 07 May 2018 13:07:40 GMT] "GET / HTTP/1.1" 200 3867 "http://localhost:3000/" "Mozilla/5.0 (Windows NT 10.0; Win64; x64; rv:59.0) Gecko/20100101 Firefox/59.0"
::1 - - [Mon, 07 May 2018 13:07:40 GMT] "GET /stylesheets/style.css HTTP/1.1" 304 - "http://localhost:3000/" "Mozilla/5.0 (Windows NT 10.0; Win64; x64; rv:59.0) Gecko/20100101 Firefox/59.0"
::1 - - [Mon, 07 May 2018 13:07:40 GMT] "GET /images/leetcode.jpg HTTP/1.1" 304 - "http://localhost:3000/" "Mozilla/5.0 (Windows NT 10.0; Win64; x64; rv:59.0) Gecko/20100101 Firefox/59.0"
::1 - - [Mon, 07 May 2018 13:08:36 GMT] "GET /u/%E5%BC%A0%E6%96%87%E9%B8%BD HTTP/1.1" 200 986 "-" "Mozilla/5.0 (Windows NT 10.0; Win64; x64; rv:59.0) Gecko/20100101 Firefox/59.0"
::1 - - [Mon, 07 May 2018 13:08:36 GMT] "GET /stylesheets/style.css HTTP/1.1" 304 - "http://localhost:3000/u/%E5%BC%A0%E6%96%87%E9%B8%BD" "Mozilla/5.0 (Windows NT 10.0; Win64; x64; rv:59.0) Gecko/20100101 Firefox/59.0"
::1 - - [Mon, 07 May 2018 13:08:46 GMT] "GET / HTTP/1.1" 304 - "http://localhost:3000/u/%E5%BC%A0%E6%96%87%E9%B8%BD" "Mozilla/5.0 (Windows NT 10.0; Win64; x64; rv:59.0) Gecko/20100101 Firefox/59.0"
::1 - - [Mon, 07 May 2018 13:08:46 GMT] "GET /stylesheets/style.css HTTP/1.1" 304 - "http://localhost:3000/" "Mozilla/5.0 (Windows NT 10.0; Win64; x64; rv:59.0) Gecko/20100101 Firefox/59.0"
::1 - - [Mon, 07 May 2018 13:08:46 GMT] "GET /images/leetcode.jpg HTTP/1.1" 304 - "http://localhost:3000/" "Mozilla/5.0 (Windows NT 10.0; Win64; x64; rv:59.0) Gecko/20100101 Firefox/59.0"
::1 - - [Mon, 07 May 2018 13:08:51 GMT] "GET /login HTTP/1.1" 200 749 "http://localhost:3000/" "Mozilla/5.0 (Windows NT 10.0; Win64; x64; rv:59.0) Gecko/20100101 Firefox/59.0"
::1 - - [Mon, 07 May 2018 13:08:51 GMT] "GET /stylesheets/style.css HTTP/1.1" 304 - "http://localhost:3000/login" "Mozilla/5.0 (Windows NT 10.0; Win64; x64; rv:59.0) Gecko/20100101 Firefox/59.0"
::1 - - [Mon, 07 May 2018 13:08:59 GMT] "POST /login HTTP/1.1" 302 46 "http://localhost:3000/login" "Mozilla/5.0 (Windows NT 10.0; Win64; x64; rv:59.0) Gecko/20100101 Firefox/59.0"
::1 - - [Mon, 07 May 2018 13:08:59 GMT] "GET / HTTP/1.1" 200 3914 "http://localhost:3000/login" "Mozilla/5.0 (Windows NT 10.0; Win64; x64; rv:59.0) Gecko/20100101 Firefox/59.0"
::1 - - [Mon, 07 May 2018 13:09:00 GMT] "GET /stylesheets/style.css HTTP/1.1" 304 - "http://localhost:3000/" "Mozilla/5.0 (Windows NT 10.0; Win64; x64; rv:59.0) Gecko/20100101 Firefox/59.0"
::1 - - [Mon, 07 May 2018 13:09:00 GMT] "GET /images/leetcode.jpg HTTP/1.1" 304 - "http://localhost:3000/" "Mozilla/5.0 (Windows NT 10.0; Win64; x64; rv:59.0) Gecko/20100101 Firefox/59.0"
::1 - - [Mon, 07 May 2018 13:09:01 GMT] "GET /post HTTP/1.1" 304 - "http://localhost:3000/" "Mozilla/5.0 (Windows NT 10.0; Win64; x64; rv:59.0) Gecko/20100101 Firefox/59.0"
::1 - - [Mon, 07 May 2018 13:09:01 GMT] "GET /stylesheets/style.css HTTP/1.1" 304 - "http://localhost:3000/post" "Mozilla/5.0 (Windows NT 10.0; Win64; x64; rv:59.0) Gecko/20100101 Firefox/59.0"
::1 - - [Mon, 07 May 2018 13:09:14 GMT] "POST /post HTTP/1.1" 302 46 "http://localhost:3000/post" "Mozilla/5.0 (Windows NT 10.0; Win64; x64; rv:59.0) Gecko/20100101 Firefox/59.0"
::1 - - [Mon, 07 May 2018 13:09:14 GMT] "GET / HTTP/1.1" 200 4099 "http://localhost:3000/post" "Mozilla/5.0 (Windows NT 10.0; Win64; x64; rv:59.0) Gecko/20100101 Firefox/59.0"
::1 - - [Mon, 07 May 2018 13:09:15 GMT] "GET /stylesheets/style.css HTTP/1.1" 304 - "http://localhost:3000/" "Mozilla/5.0 (Windows NT 10.0; Win64; x64; rv:59.0) Gecko/20100101 Firefox/59.0"
::1 - - [Mon, 07 May 2018 13:09:15 GMT] "GET /images/leetcode.jpg HTTP/1.1" 304 - "http://localhost:3000/" "Mozilla/5.0 (Windows NT 10.0; Win64; x64; rv:59.0) Gecko/20100101 Firefox/59.0"
::1 - - [Mon, 07 May 2018 13:09:16 GMT] "GET /post HTTP/1.1" 200 811 "http://localhost:3000/" "Mozilla/5.0 (Windows NT 10.0; Win64; x64; rv:59.0) Gecko/20100101 Firefox/59.0"
::1 - - [Mon, 07 May 2018 13:09:16 GMT] "GET /stylesheets/style.css HTTP/1.1" 304 - "http://localhost:3000/post" "Mozilla/5.0 (Windows NT 10.0; Win64; x64; rv:59.0) Gecko/20100101 Firefox/59.0"
::1 - - [Mon, 07 May 2018 13:09:28 GMT] "POST /post HTTP/1.1" 302 46 "http://localhost:3000/post" "Mozilla/5.0 (Windows NT 10.0; Win64; x64; rv:59.0) Gecko/20100101 Firefox/59.0"
::1 - - [Mon, 07 May 2018 13:09:28 GMT] "GET / HTTP/1.1" 200 4286 "http://localhost:3000/post" "Mozilla/5.0 (Windows NT 10.0; Win64; x64; rv:59.0) Gecko/20100101 Firefox/59.0"
::1 - - [Mon, 07 May 2018 13:09:28 GMT] "GET /stylesheets/style.css HTTP/1.1" 304 - "http://localhost:3000/" "Mozilla/5.0 (Windows NT 10.0; Win64; x64; rv:59.0) Gecko/20100101 Firefox/59.0"
::1 - - [Mon, 07 May 2018 13:09:28 GMT] "GET /images/leetcode.jpg HTTP/1.1" 304 - "http://localhost:3000/" "Mozilla/5.0 (Windows NT 10.0; Win64; x64; rv:59.0) Gecko/20100101 Firefox/59.0"
::1 - - [Mon, 07 May 2018 13:09:45 GMT] "GET /u/%E5%BC%A0%E6%96%87%E9%B8%BD HTTP/1.1" 200 1444 "-" "Mozilla/5.0 (Windows NT 10.0; Win64; x64; rv:59.0) Gecko/20100101 Firefox/59.0"
::1 - - [Mon, 07 May 2018 13:09:45 GMT] "GET /stylesheets/style.css HTTP/1.1" 304 - "http://localhost:3000/u/%E5%BC%A0%E6%96%87%E9%B8%BD" "Mozilla/5.0 (Windows NT 10.0; Win64; x64; rv:59.0) Gecko/20100101 Firefox/59.0"
::1 - - [Mon, 07 May 2018 13:10:37 GMT] "GET /u/%E5%BC%A0%E6%96%87%E9%B8%BD/ff2 HTTP/1.1" 200 216 "-" "Mozilla/5.0 (Windows NT 10.0; Win64; x64; rv:59.0) Gecko/20100101 Firefox/59.0"
::1 - - [Mon, 07 May 2018 13:10:44 GMT] "GET /u/%E5%BC%A0%E6%96%87%E9%B8%BD/fff2 HTTP/1.1" 200 216 "-" "Mozilla/5.0 (Windows NT 10.0; Win64; x64; rv:59.0) Gecko/20100101 Firefox/59.0"
::1 - - [Mon, 07 May 2018 13:10:47 GMT] "GET /u/%E5%BC%A0%E6%96%87%E9%B8%BD/ HTTP/1.1" 200 1444 "-" "Mozilla/5.0 (Windows NT 10.0; Win64; x64; rv:59.0) Gecko/20100101 Firefox/59.0"
::1 - - [Mon, 07 May 2018 13:10:47 GMT] "GET /stylesheets/style.css HTTP/1.1" 304 - "http://localhost:3000/u/%E5%BC%A0%E6%96%87%E9%B8%BD/" "Mozilla/5.0 (Windows NT 10.0; Win64; x64; rv:59.0) Gecko/20100101 Firefox/59.0"
::1 - - [Mon, 07 May 2018 13:11:18 GMT] "GET /u/%E5%BC%A0%E6%96%87%E9%B8%BD/2018-5-7 HTTP/1.1" 200 216 "-" "Mozilla/5.0 (Windows NT 10.0; Win64; x64; rv:59.0) Gecko/20100101 Firefox/59.0"
::1 - - [Mon, 07 May 2018 13:11:23 GMT] "GET /u/%E5%BC%A0%E6%96%87%E9%B8%BD/2018-5-7/fff HTTP/1.1" 500 935 "-" "Mozilla/5.0 (Windows NT 10.0; Win64; x64; rv:59.0) Gecko/20100101 Firefox/59.0"
::1 - - [Mon, 07 May 2018 13:23:31 GMT] "GET /u/%E5%BC%A0%E6%96%87%E9%B8%BD/2018-5-7/fff HTTP/1.1" 500 1648 "-" "Mozilla/5.0 (Windows NT 10.0; Win64; x64; rv:59.0) Gecko/20100101 Firefox/59.0"
::1 - - [Mon, 07 May 2018 13:35:49 GMT] "GET /u/%E5%BC%A0%E6%96%87%E9%B8%BD/%E6%B8%85%E5%B9%B3%E8%B0%83%E5%85%B6%E4%B8%80 HTTP/1.1" 200 689 "-" "Mozilla/5.0 (Windows NT 10.0; Win64; x64; rv:59.0) Gecko/20100101 Firefox/59.0"
::1 - - [Mon, 07 May 2018 13:35:49 GMT] "GET /stylesheets/style.css HTTP/1.1" 304 - "http://localhost:3000/u/%E5%BC%A0%E6%96%87%E9%B8%BD/%E6%B8%85%E5%B9%B3%E8%B0%83%E5%85%B6%E4%B8%80" "Mozilla/5.0 (Windows NT 10.0; Win64; x64; rv:59.0) Gecko/20100101 Firefox/59.0"
::1 - - [Mon, 07 May 2018 13:36:13 GMT] "GET /u/%E5%BC%A0%E6%96%87%E9%B8%BD/%E6%B8%85%E5%B9%B3%E8%B0%83%E5%85%B6 HTTP/1.1" 200 686 "-" "Mozilla/5.0 (Windows NT 10.0; Win64; x64; rv:59.0) Gecko/20100101 Firefox/59.0"
::1 - - [Mon, 07 May 2018 13:36:13 GMT] "GET /stylesheets/style.css HTTP/1.1" 304 - "http://localhost:3000/u/%E5%BC%A0%E6%96%87%E9%B8%BD/%E6%B8%85%E5%B9%B3%E8%B0%83%E5%85%B6" "Mozilla/5.0 (Windows NT 10.0; Win64; x64; rv:59.0) Gecko/20100101 Firefox/59.0"
::1 - - [Mon, 07 May 2018 13:36:24 GMT] "GET /logout HTTP/1.1" 302 46 "http://localhost:3000/u/%E5%BC%A0%E6%96%87%E9%B8%BD/%E6%B8%85%E5%B9%B3%E8%B0%83%E5%85%B6" "Mozilla/5.0 (Windows NT 10.0; Win64; x64; rv:59.0) Gecko/20100101 Firefox/59.0"
::1 - - [Mon, 07 May 2018 13:36:24 GMT] "GET / HTTP/1.1" 200 4255 "http://localhost:3000/u/%E5%BC%A0%E6%96%87%E9%B8%BD/%E6%B8%85%E5%B9%B3%E8%B0%83%E5%85%B6" "Mozilla/5.0 (Windows NT 10.0; Win64; x64; rv:59.0) Gecko/20100101 Firefox/59.0"
::1 - - [Mon, 07 May 2018 13:36:24 GMT] "GET /stylesheets/style.css HTTP/1.1" 304 - "http://localhost:3000/" "Mozilla/5.0 (Windows NT 10.0; Win64; x64; rv:59.0) Gecko/20100101 Firefox/59.0"
::1 - - [Mon, 07 May 2018 13:36:24 GMT] "GET /images/leetcode.jpg HTTP/1.1" 304 - "http://localhost:3000/" "Mozilla/5.0 (Windows NT 10.0; Win64; x64; rv:59.0) Gecko/20100101 Firefox/59.0"
::1 - - [Mon, 07 May 2018 13:36:25 GMT] "GET /login HTTP/1.1" 200 749 "http://localhost:3000/" "Mozilla/5.0 (Windows NT 10.0; Win64; x64; rv:59.0) Gecko/20100101 Firefox/59.0"
::1 - - [Mon, 07 May 2018 13:36:25 GMT] "GET /stylesheets/style.css HTTP/1.1" 304 - "http://localhost:3000/login" "Mozilla/5.0 (Windows NT 10.0; Win64; x64; rv:59.0) Gecko/20100101 Firefox/59.0"
::1 - - [Mon, 07 May 2018 13:36:38 GMT] "POST /login HTTP/1.1" 302 46 "http://localhost:3000/login" "Mozilla/5.0 (Windows NT 10.0; Win64; x64; rv:59.0) Gecko/20100101 Firefox/59.0"
::1 - - [Mon, 07 May 2018 13:36:38 GMT] "GET / HTTP/1.1" 200 4281 "http://localhost:3000/login" "Mozilla/5.0 (Windows NT 10.0; Win64; x64; rv:59.0) Gecko/20100101 Firefox/59.0"
::1 - - [Mon, 07 May 2018 13:36:38 GMT] "GET /stylesheets/style.css HTTP/1.1" 304 - "http://localhost:3000/" "Mozilla/5.0 (Windows NT 10.0; Win64; x64; rv:59.0) Gecko/20100101 Firefox/59.0"
::1 - - [Mon, 07 May 2018 13:36:38 GMT] "GET /images/leetcode.jpg HTTP/1.1" 304 - "http://localhost:3000/" "Mozilla/5.0 (Windows NT 10.0; Win64; x64; rv:59.0) Gecko/20100101 Firefox/59.0"
::1 - - [Mon, 07 May 2018 13:36:41 GMT] "GET /post HTTP/1.1" 200 805 "http://localhost:3000/" "Mozilla/5.0 (Windows NT 10.0; Win64; x64; rv:59.0) Gecko/20100101 Firefox/59.0"
::1 - - [Mon, 07 May 2018 13:36:41 GMT] "GET /stylesheets/style.css HTTP/1.1" 304 - "http://localhost:3000/post" "Mozilla/5.0 (Windows NT 10.0; Win64; x64; rv:59.0) Gecko/20100101 Firefox/59.0"
::1 - - [Mon, 07 May 2018 13:36:48 GMT] "POST /post HTTP/1.1" 302 46 "http://localhost:3000/post" "Mozilla/5.0 (Windows NT 10.0; Win64; x64; rv:59.0) Gecko/20100101 Firefox/59.0"
::1 - - [Mon, 07 May 2018 13:36:48 GMT] "GET / HTTP/1.1" 200 4465 "http://localhost:3000/post" "Mozilla/5.0 (Windows NT 10.0; Win64; x64; rv:59.0) Gecko/20100101 Firefox/59.0"
::1 - - [Mon, 07 May 2018 13:36:48 GMT] "GET /stylesheets/style.css HTTP/1.1" 304 - "http://localhost:3000/" "Mozilla/5.0 (Windows NT 10.0; Win64; x64; rv:59.0) Gecko/20100101 Firefox/59.0"
::1 - - [Mon, 07 May 2018 13:36:48 GMT] "GET /images/leetcode.jpg HTTP/1.1" 304 - "http://localhost:3000/" "Mozilla/5.0 (Windows NT 10.0; Win64; x64; rv:59.0) Gecko/20100101 Firefox/59.0"
::1 - - [Mon, 07 May 2018 13:36:56 GMT] "GET /ddd/ddd HTTP/1.1" 200 216 "-" "Mozilla/5.0 (Windows NT 10.0; Win64; x64; rv:59.0) Gecko/20100101 Firefox/59.0"
::1 - - [Mon, 07 May 2018 13:37:03 GMT] "GET /u/ddd/ddd HTTP/1.1" 200 671 "-" "Mozilla/5.0 (Windows NT 10.0; Win64; x64; rv:59.0) Gecko/20100101 Firefox/59.0"
::1 - - [Mon, 07 May 2018 13:37:03 GMT] "GET /stylesheets/style.css HTTP/1.1" 304 - "http://localhost:3000/u/ddd/ddd" "Mozilla/5.0 (Windows NT 10.0; Win64; x64; rv:59.0) Gecko/20100101 Firefox/59.0"
::1 - - [Mon, 07 May 2018 13:40:24 GMT] "GET /u/ddd/ddd HTTP/1.1" 304 - "-" "Mozilla/5.0 (Windows NT 10.0; Win64; x64; rv:59.0) Gecko/20100101 Firefox/59.0"
::1 - - [Mon, 07 May 2018 13:40:24 GMT] "GET /stylesheets/style.css HTTP/1.1" 304 - "http://localhost:3000/u/ddd/ddd" "Mozilla/5.0 (Windows NT 10.0; Win64; x64; rv:59.0) Gecko/20100101 Firefox/59.0"
::1 - - [Mon, 07 May 2018 13:41:17 GMT] "GET /reg HTTP/1.1" 200 867 "-" "Mozilla/5.0 (Windows NT 10.0; Win64; x64; rv:59.0) Gecko/20100101 Firefox/59.0"
::1 - - [Mon, 07 May 2018 13:41:17 GMT] "GET /stylesheets/style.css HTTP/1.1" 200 687 "http://localhost:3000/reg" "Mozilla/5.0 (Windows NT 10.0; Win64; x64; rv:59.0) Gecko/20100101 Firefox/59.0"
::1 - - [Mon, 07 May 2018 13:41:45 GMT] "GET /u/ddd/ddd HTTP/1.1" 304 - "-" "Mozilla/5.0 (Windows NT 10.0; Win64; x64; rv:59.0) Gecko/20100101 Firefox/59.0"
::1 - - [Mon, 07 May 2018 13:41:45 GMT] "GET /stylesheets/style.css HTTP/1.1" 304 - "http://localhost:3000/u/ddd/ddd" "Mozilla/5.0 (Windows NT 10.0; Win64; x64; rv:59.0) Gecko/20100101 Firefox/59.0"
::1 - - [Mon, 07 May 2018 13:42:01 GMT] "GET /u/ddd/ddd HTTP/1.1" 304 - "-" "Mozilla/5.0 (Windows NT 10.0; Win64; x64; rv:59.0) Gecko/20100101 Firefox/59.0"
::1 - - [Mon, 07 May 2018 13:42:01 GMT] "GET /stylesheets/style.css HTTP/1.1" 304 - "http://localhost:3000/u/ddd/ddd" "Mozilla/5.0 (Windows NT 10.0; Win64; x64; rv:59.0) Gecko/20100101 Firefox/59.0"
::1 - - [Mon, 07 May 2018 13:46:54 GMT] "GET /u/ddd/ddd HTTP/1.1" 304 - "-" "Mozilla/5.0 (Windows NT 10.0; Win64; x64; rv:59.0) Gecko/20100101 Firefox/59.0"
::1 - - [Mon, 07 May 2018 13:46:54 GMT] "GET /stylesheets/style.css HTTP/1.1" 304 - "http://localhost:3000/u/ddd/ddd" "Mozilla/5.0 (Windows NT 10.0; Win64; x64; rv:59.0) Gecko/20100101 Firefox/59.0"
::1 - - [Mon, 07 May 2018 13:48:22 GMT] "GET /u/ddd/ HTTP/1.1" 200 802 "-" "Mozilla/5.0 (Windows NT 10.0; Win64; x64; rv:59.0) Gecko/20100101 Firefox/59.0"
::1 - - [Mon, 07 May 2018 13:48:22 GMT] "GET /stylesheets/style.css HTTP/1.1" 304 - "http://localhost:3000/u/ddd/" "Mozilla/5.0 (Windows NT 10.0; Win64; x64; rv:59.0) Gecko/20100101 Firefox/59.0"
::1 - - [Mon, 07 May 2018 13:48:31 GMT] "GET /u/ddd HTTP/1.1" 200 802 "http://localhost:3000/u/ddd/" "Mozilla/5.0 (Windows NT 10.0; Win64; x64; rv:59.0) Gecko/20100101 Firefox/59.0"
::1 - - [Mon, 07 May 2018 13:48:31 GMT] "GET /stylesheets/style.css HTTP/1.1" 304 - "http://localhost:3000/u/ddd" "Mozilla/5.0 (Windows NT 10.0; Win64; x64; rv:59.0) Gecko/20100101 Firefox/59.0"
::1 - - [Mon, 07 May 2018 13:48:46 GMT] "GET /u/fff HTTP/1.1" 302 46 "-" "Mozilla/5.0 (Windows NT 10.0; Win64; x64; rv:59.0) Gecko/20100101 Firefox/59.0"
::1 - - [Mon, 07 May 2018 13:48:46 GMT] "GET / HTTP/1.1" 200 4469 "-" "Mozilla/5.0 (Windows NT 10.0; Win64; x64; rv:59.0) Gecko/20100101 Firefox/59.0"
::1 - - [Mon, 07 May 2018 13:48:46 GMT] "GET /stylesheets/style.css HTTP/1.1" 304 - "http://localhost:3000/" "Mozilla/5.0 (Windows NT 10.0; Win64; x64; rv:59.0) Gecko/20100101 Firefox/59.0"
::1 - - [Mon, 07 May 2018 13:48:46 GMT] "GET /images/leetcode.jpg HTTP/1.1" 304 - "http://localhost:3000/" "Mozilla/5.0 (Windows NT 10.0; Win64; x64; rv:59.0) Gecko/20100101 Firefox/59.0"
::1 - - [Mon, 07 May 2018 13:48:58 GMT] "GET /u/%E5%BC%A0%E6%96%87%E9%B8%BD HTTP/1.1" 200 1438 "-" "Mozilla/5.0 (Windows NT 10.0; Win64; x64; rv:59.0) Gecko/20100101 Firefox/59.0"
::1 - - [Mon, 07 May 2018 13:48:58 GMT] "GET /stylesheets/style.css HTTP/1.1" 304 - "http://localhost:3000/u/%E5%BC%A0%E6%96%87%E9%B8%BD" "Mozilla/5.0 (Windows NT 10.0; Win64; x64; rv:59.0) Gecko/20100101 Firefox/59.0"
::1 - - [Mon, 07 May 2018 13:49:40 GMT] "GET /u/ddd/ddd HTTP/1.1" 304 - "-" "Mozilla/5.0 (Windows NT 10.0; Win64; x64; rv:59.0) Gecko/20100101 Firefox/59.0"
::1 - - [Mon, 07 May 2018 13:49:40 GMT] "GET /stylesheets/style.css HTTP/1.1" 304 - "http://localhost:3000/u/ddd/ddd" "Mozilla/5.0 (Windows NT 10.0; Win64; x64; rv:59.0) Gecko/20100101 Firefox/59.0"
::1 - - [Mon, 07 May 2018 13:55:03 GMT] "GET /u/ddd/ddd HTTP/1.1" 304 - "-" "Mozilla/5.0 (Windows NT 10.0; Win64; x64; rv:59.0) Gecko/20100101 Firefox/59.0"
::1 - - [Mon, 07 May 2018 13:55:03 GMT] "GET /stylesheets/style.css HTTP/1.1" 304 - "http://localhost:3000/u/ddd/ddd" "Mozilla/5.0 (Windows NT 10.0; Win64; x64; rv:59.0) Gecko/20100101 Firefox/59.0"
::1 - - [Mon, 07 May 2018 13:55:04 GMT] "GET /u/ddd/ddd HTTP/1.1" 304 - "-" "Mozilla/5.0 (Windows NT 10.0; Win64; x64; rv:59.0) Gecko/20100101 Firefox/59.0"
::1 - - [Mon, 07 May 2018 13:55:04 GMT] "GET /stylesheets/style.css HTTP/1.1" 304 - "http://localhost:3000/u/ddd/ddd" "Mozilla/5.0 (Windows NT 10.0; Win64; x64; rv:59.0) Gecko/20100101 Firefox/59.0"
::1 - - [Mon, 07 May 2018 13:55:45 GMT] "GET /u/ddd/ddd HTTP/1.1" 304 - "-" "Mozilla/5.0 (Windows NT 10.0; Win64; x64; rv:59.0) Gecko/20100101 Firefox/59.0"
::1 - - [Mon, 07 May 2018 13:55:45 GMT] "GET /stylesheets/style.css HTTP/1.1" 304 - "http://localhost:3000/u/ddd/ddd" "Mozilla/5.0 (Windows NT 10.0; Win64; x64; rv:59.0) Gecko/20100101 Firefox/59.0"
::1 - - [Mon, 07 May 2018 14:05:25 GMT] "GET /u/ddd HTTP/1.1" 304 - "-" "Mozilla/5.0 (Windows NT 10.0; Win64; x64; rv:59.0) Gecko/20100101 Firefox/59.0"
::1 - - [Mon, 07 May 2018 14:05:25 GMT] "GET /stylesheets/style.css HTTP/1.1" 304 - "http://localhost:3000/u/ddd" "Mozilla/5.0 (Windows NT 10.0; Win64; x64; rv:59.0) Gecko/20100101 Firefox/59.0"
::1 - - [Mon, 07 May 2018 14:07:22 GMT] "GET /u/ddd HTTP/1.1" 304 - "-" "Mozilla/5.0 (Windows NT 10.0; Win64; x64; rv:59.0) Gecko/20100101 Firefox/59.0"
::1 - - [Mon, 07 May 2018 14:07:22 GMT] "GET /stylesheets/style.css HTTP/1.1" 304 - "http://localhost:3000/u/ddd" "Mozilla/5.0 (Windows NT 10.0; Win64; x64; rv:59.0) Gecko/20100101 Firefox/59.0"
::1 - - [Mon, 07 May 2018 14:09:12 GMT] "GET /u/ddd/ddd HTTP/1.1" 304 - "-" "Mozilla/5.0 (Windows NT 10.0; Win64; x64; rv:59.0) Gecko/20100101 Firefox/59.0"
::1 - - [Mon, 07 May 2018 14:09:12 GMT] "GET /stylesheets/style.css HTTP/1.1" 304 - "http://localhost:3000/u/ddd/ddd" "Mozilla/5.0 (Windows NT 10.0; Win64; x64; rv:59.0) Gecko/20100101 Firefox/59.0"
::1 - - [Mon, 07 May 2018 14:09:32 GMT] "GET /u/ddd/ddd HTTP/1.1" 304 - "-" "Mozilla/5.0 (Windows NT 10.0; Win64; x64; rv:59.0) Gecko/20100101 Firefox/59.0"
::1 - - [Mon, 07 May 2018 14:09:32 GMT] "GET /stylesheets/style.css HTTP/1.1" 304 - "http://localhost:3000/u/ddd/ddd" "Mozilla/5.0 (Windows NT 10.0; Win64; x64; rv:59.0) Gecko/20100101 Firefox/59.0"
::1 - - [Mon, 07 May 2018 14:10:03 GMT] "GET /u/ddd/ddd HTTP/1.1" 304 - "-" "Mozilla/5.0 (Windows NT 10.0; Win64; x64; rv:59.0) Gecko/20100101 Firefox/59.0"
::1 - - [Mon, 07 May 2018 14:10:03 GMT] "GET /stylesheets/style.css HTTP/1.1" 304 - "http://localhost:3000/u/ddd/ddd" "Mozilla/5.0 (Windows NT 10.0; Win64; x64; rv:59.0) Gecko/20100101 Firefox/59.0"
::1 - - [Mon, 07 May 2018 14:10:34 GMT] "GET /u/ddd/ddd HTTP/1.1" 304 - "-" "Mozilla/5.0 (Windows NT 10.0; Win64; x64; rv:59.0) Gecko/20100101 Firefox/59.0"
::1 - - [Mon, 07 May 2018 14:10:34 GMT] "GET /stylesheets/style.css HTTP/1.1" 304 - "http://localhost:3000/u/ddd/ddd" "Mozilla/5.0 (Windows NT 10.0; Win64; x64; rv:59.0) Gecko/20100101 Firefox/59.0"
::1 - - [Mon, 07 May 2018 14:11:06 GMT] "GET /u/ddd/ddd HTTP/1.1" 304 - "-" "Mozilla/5.0 (Windows NT 10.0; Win64; x64; rv:59.0) Gecko/20100101 Firefox/59.0"
::1 - - [Mon, 07 May 2018 14:11:06 GMT] "GET /stylesheets/style.css HTTP/1.1" 304 - "http://localhost:3000/u/ddd/ddd" "Mozilla/5.0 (Windows NT 10.0; Win64; x64; rv:59.0) Gecko/20100101 Firefox/59.0"
::1 - - [Mon, 07 May 2018 14:11:13 GMT] "GET /u/ddd/ddd HTTP/1.1" 304 - "-" "Mozilla/5.0 (Windows NT 10.0; Win64; x64; rv:59.0) Gecko/20100101 Firefox/59.0"
::1 - - [Mon, 07 May 2018 14:11:13 GMT] "GET /stylesheets/style.css HTTP/1.1" 304 - "http://localhost:3000/u/ddd/ddd" "Mozilla/5.0 (Windows NT 10.0; Win64; x64; rv:59.0) Gecko/20100101 Firefox/59.0"
::1 - - [Mon, 07 May 2018 14:11:31 GMT] "GET /u/ddd/ddd HTTP/1.1" 304 - "-" "Mozilla/5.0 (Windows NT 10.0; Win64; x64; rv:59.0) Gecko/20100101 Firefox/59.0"
::1 - - [Mon, 07 May 2018 14:11:31 GMT] "GET /stylesheets/style.css HTTP/1.1" 304 - "http://localhost:3000/u/ddd/ddd" "Mozilla/5.0 (Windows NT 10.0; Win64; x64; rv:59.0) Gecko/20100101 Firefox/59.0"
::1 - - [Mon, 07 May 2018 14:11:53 GMT] "GET /u/ddd/ddd HTTP/1.1" 304 - "-" "Mozilla/5.0 (Windows NT 10.0; Win64; x64; rv:59.0) Gecko/20100101 Firefox/59.0"
::1 - - [Mon, 07 May 2018 14:11:53 GMT] "GET /stylesheets/style.css HTTP/1.1" 304 - "http://localhost:3000/u/ddd/ddd" "Mozilla/5.0 (Windows NT 10.0; Win64; x64; rv:59.0) Gecko/20100101 Firefox/59.0"
::1 - - [Mon, 07 May 2018 14:13:40 GMT] "GET /u/ddd/ddd HTTP/1.1" 500 2067 "-" "Mozilla/5.0 (Windows NT 10.0; Win64; x64; rv:59.0) Gecko/20100101 Firefox/59.0"
::1 - - [Mon, 07 May 2018 14:15:53 GMT] "GET /u/ddd/ddd HTTP/1.1" 200 715 "-" "Mozilla/5.0 (Windows NT 10.0; Win64; x64; rv:59.0) Gecko/20100101 Firefox/59.0"
::1 - - [Mon, 07 May 2018 14:15:53 GMT] "GET /stylesheets/style.css HTTP/1.1" 304 - "http://localhost:3000/u/ddd/ddd" "Mozilla/5.0 (Windows NT 10.0; Win64; x64; rv:59.0) Gecko/20100101 Firefox/59.0"
::1 - - [Mon, 07 May 2018 14:15:57 GMT] "GET /u/ddd HTTP/1.1" 304 - "http://localhost:3000/u/ddd/ddd" "Mozilla/5.0 (Windows NT 10.0; Win64; x64; rv:59.0) Gecko/20100101 Firefox/59.0"
::1 - - [Mon, 07 May 2018 14:15:57 GMT] "GET /stylesheets/style.css HTTP/1.1" 304 - "http://localhost:3000/u/ddd" "Mozilla/5.0 (Windows NT 10.0; Win64; x64; rv:59.0) Gecko/20100101 Firefox/59.0"
::1 - - [Mon, 07 May 2018 14:16:00 GMT] "GET /u/ddd/2018-5-7/ddd HTTP/1.1" 200 216 "http://localhost:3000/u/ddd" "Mozilla/5.0 (Windows NT 10.0; Win64; x64; rv:59.0) Gecko/20100101 Firefox/59.0"
::1 - - [Mon, 07 May 2018 14:16:03 GMT] "GET /u/ddd HTTP/1.1" 304 - "http://localhost:3000/u/ddd/ddd" "Mozilla/5.0 (Windows NT 10.0; Win64; x64; rv:59.0) Gecko/20100101 Firefox/59.0"
::1 - - [Mon, 07 May 2018 14:16:03 GMT] "GET /stylesheets/style.css HTTP/1.1" 304 - "http://localhost:3000/u/ddd" "Mozilla/5.0 (Windows NT 10.0; Win64; x64; rv:59.0) Gecko/20100101 Firefox/59.0"
::1 - - [Mon, 07 May 2018 14:16:16 GMT] "GET /u/%E5%BC%A0%E6%96%87%E9%B8%BD/%E6%B8%85%E5%B9%B3%E8%B0%83%E5%85%B6%E4%B8%80 HTTP/1.1" 200 903 "-" "Mozilla/5.0 (Windows NT 10.0; Win64; x64; rv:59.0) Gecko/20100101 Firefox/59.0"
::1 - - [Mon, 07 May 2018 14:16:16 GMT] "GET /stylesheets/style.css HTTP/1.1" 304 - "http://localhost:3000/u/%E5%BC%A0%E6%96%87%E9%B8%BD/%E6%B8%85%E5%B9%B3%E8%B0%83%E5%85%B6%E4%B8%80" "Mozilla/5.0 (Windows NT 10.0; Win64; x64; rv:59.0) Gecko/20100101 Firefox/59.0"
::1 - - [Mon, 07 May 2018 14:16:38 GMT] "GET /u/%E5%BC%A0%E6%96%87%E9%B8%BD/%E6%B8%85%E5%B9%B3%E8%B0%83%E5%85%B6%E4%B8%80 HTTP/1.1" 304 - "-" "Mozilla/5.0 (Windows NT 10.0; Win64; x64; rv:59.0) Gecko/20100101 Firefox/59.0"
::1 - - [Mon, 07 May 2018 14:16:38 GMT] "GET /stylesheets/style.css HTTP/1.1" 304 - "http://localhost:3000/u/%E5%BC%A0%E6%96%87%E9%B8%BD/%E6%B8%85%E5%B9%B3%E8%B0%83%E5%85%B6%E4%B8%80" "Mozilla/5.0 (Windows NT 10.0; Win64; x64; rv:59.0) Gecko/20100101 Firefox/59.0"
::1 - - [Mon, 07 May 2018 14:16:40 GMT] "GET / HTTP/1.1" 200 4453 "http://localhost:3000/u/%E5%BC%A0%E6%96%87%E9%B8%BD/%E6%B8%85%E5%B9%B3%E8%B0%83%E5%85%B6%E4%B8%80" "Mozilla/5.0 (Windows NT 10.0; Win64; x64; rv:59.0) Gecko/20100101 Firefox/59.0"
::1 - - [Mon, 07 May 2018 14:16:40 GMT] "GET /stylesheets/style.css HTTP/1.1" 304 - "http://localhost:3000/" "Mozilla/5.0 (Windows NT 10.0; Win64; x64; rv:59.0) Gecko/20100101 Firefox/59.0"
::1 - - [Mon, 07 May 2018 14:16:40 GMT] "GET /images/leetcode.jpg HTTP/1.1" 304 - "http://localhost:3000/" "Mozilla/5.0 (Windows NT 10.0; Win64; x64; rv:59.0) Gecko/20100101 Firefox/59.0"
::1 - - [Mon, 07 May 2018 14:19:01 GMT] "GET / HTTP/1.1" 304 - "http://localhost:3000/u/%E5%BC%A0%E6%96%87%E9%B8%BD/%E6%B8%85%E5%B9%B3%E8%B0%83%E5%85%B6%E4%B8%80" "Mozilla/5.0 (Windows NT 10.0; Win64; x64; rv:59.0) Gecko/20100101 Firefox/59.0"
::1 - - [Mon, 07 May 2018 14:19:01 GMT] "GET /stylesheets/style.css HTTP/1.1" 304 - "http://localhost:3000/" "Mozilla/5.0 (Windows NT 10.0; Win64; x64; rv:59.0) Gecko/20100101 Firefox/59.0"
::1 - - [Mon, 07 May 2018 14:19:01 GMT] "GET /images/leetcode.jpg HTTP/1.1" 304 - "http://localhost:3000/" "Mozilla/5.0 (Windows NT 10.0; Win64; x64; rv:59.0) Gecko/20100101 Firefox/59.0"
::1 - - [Mon, 07 May 2018 14:19:09 GMT] "GET / HTTP/1.1" 304 - "http://localhost:3000/" "Mozilla/5.0 (Windows NT 10.0; Win64; x64; rv:59.0) Gecko/20100101 Firefox/59.0"
::1 - - [Mon, 07 May 2018 14:19:09 GMT] "GET /stylesheets/style.css HTTP/1.1" 304 - "http://localhost:3000/" "Mozilla/5.0 (Windows NT 10.0; Win64; x64; rv:59.0) Gecko/20100101 Firefox/59.0"
::1 - - [Mon, 07 May 2018 14:19:09 GMT] "GET /images/leetcode.jpg HTTP/1.1" 304 - "http://localhost:3000/" "Mozilla/5.0 (Windows NT 10.0; Win64; x64; rv:59.0) Gecko/20100101 Firefox/59.0"
::1 - - [Mon, 07 May 2018 14:19:12 GMT] "GET / HTTP/1.1" 304 - "http://localhost:3000/" "Mozilla/5.0 (Windows NT 10.0; Win64; x64; rv:59.0) Gecko/20100101 Firefox/59.0"
::1 - - [Mon, 07 May 2018 14:19:12 GMT] "GET /stylesheets/style.css HTTP/1.1" 304 - "http://localhost:3000/" "Mozilla/5.0 (Windows NT 10.0; Win64; x64; rv:59.0) Gecko/20100101 Firefox/59.0"
::1 - - [Mon, 07 May 2018 14:19:12 GMT] "GET /images/leetcode.jpg HTTP/1.1" 304 - "http://localhost:3000/" "Mozilla/5.0 (Windows NT 10.0; Win64; x64; rv:59.0) Gecko/20100101 Firefox/59.0"
::1 - - [Mon, 07 May 2018 14:19:14 GMT] "GET / HTTP/1.1" 304 - "http://localhost:3000/" "Mozilla/5.0 (Windows NT 10.0; Win64; x64; rv:59.0) Gecko/20100101 Firefox/59.0"
::1 - - [Mon, 07 May 2018 14:19:14 GMT] "GET /stylesheets/style.css HTTP/1.1" 304 - "http://localhost:3000/" "Mozilla/5.0 (Windows NT 10.0; Win64; x64; rv:59.0) Gecko/20100101 Firefox/59.0"
::1 - - [Mon, 07 May 2018 14:19:14 GMT] "GET /images/leetcode.jpg HTTP/1.1" 304 - "http://localhost:3000/" "Mozilla/5.0 (Windows NT 10.0; Win64; x64; rv:59.0) Gecko/20100101 Firefox/59.0"
::1 - - [Mon, 07 May 2018 14:19:26 GMT] "GET /u/ddd/ddd HTTP/1.1" 500 2067 "-" "Mozilla/5.0 (Windows NT 10.0; Win64; x64; rv:59.0) Gecko/20100101 Firefox/59.0"
::1 - - [Mon, 07 May 2018 14:20:43 GMT] "GET /u/ddd/ddd HTTP/1.1" 500 2067 "-" "Mozilla/5.0 (Windows NT 10.0; Win64; x64; rv:59.0) Gecko/20100101 Firefox/59.0"
::1 - - [Mon, 07 May 2018 14:21:45 GMT] "GET /u/ddd/ddd HTTP/1.1" 500 2035 "-" "Mozilla/5.0 (Windows NT 10.0; Win64; x64; rv:59.0) Gecko/20100101 Firefox/59.0"
::1 - - [Mon, 07 May 2018 14:21:49 GMT] "GET /u/ddd/ddd HTTP/1.1" 500 2035 "-" "Mozilla/5.0 (Windows NT 10.0; Win64; x64; rv:59.0) Gecko/20100101 Firefox/59.0"
::1 - - [Mon, 07 May 2018 14:24:27 GMT] "GET /u/ddd/ddd HTTP/1.1" 500 1559 "-" "Mozilla/5.0 (Windows NT 10.0; Win64; x64; rv:59.0) Gecko/20100101 Firefox/59.0"
::1 - - [Mon, 07 May 2018 14:24:48 GMT] "GET /u/ddd/ddd HTTP/1.1" 200 717 "-" "Mozilla/5.0 (Windows NT 10.0; Win64; x64; rv:59.0) Gecko/20100101 Firefox/59.0"
::1 - - [Mon, 07 May 2018 14:24:48 GMT] "GET /stylesheets/style.css HTTP/1.1" 304 - "http://localhost:3000/u/ddd/ddd" "Mozilla/5.0 (Windows NT 10.0; Win64; x64; rv:59.0) Gecko/20100101 Firefox/59.0"
::1 - - [Mon, 07 May 2018 14:25:30 GMT] "GET /u/ddd/ddd HTTP/1.1" 200 736 "-" "Mozilla/5.0 (Windows NT 10.0; Win64; x64; rv:59.0) Gecko/20100101 Firefox/59.0"
::1 - - [Mon, 07 May 2018 14:25:30 GMT] "GET /stylesheets/style.css HTTP/1.1" 304 - "http://localhost:3000/u/ddd/ddd" "Mozilla/5.0 (Windows NT 10.0; Win64; x64; rv:59.0) Gecko/20100101 Firefox/59.0"
::1 - - [Mon, 07 May 2018 14:26:11 GMT] "GET /u/ddd/ddd HTTP/1.1" 200 739 "-" "Mozilla/5.0 (Windows NT 10.0; Win64; x64; rv:59.0) Gecko/20100101 Firefox/59.0"
::1 - - [Mon, 07 May 2018 14:26:11 GMT] "GET /stylesheets/style.css HTTP/1.1" 304 - "http://localhost:3000/u/ddd/ddd" "Mozilla/5.0 (Windows NT 10.0; Win64; x64; rv:59.0) Gecko/20100101 Firefox/59.0"
::1 - - [Mon, 07 May 2018 14:26:31 GMT] "GET /u/ddd HTTP/1.1" 304 - "http://localhost:3000/u/ddd/ddd" "Mozilla/5.0 (Windows NT 10.0; Win64; x64; rv:59.0) Gecko/20100101 Firefox/59.0"
::1 - - [Mon, 07 May 2018 14:26:31 GMT] "GET /stylesheets/style.css HTTP/1.1" 304 - "http://localhost:3000/u/ddd" "Mozilla/5.0 (Windows NT 10.0; Win64; x64; rv:59.0) Gecko/20100101 Firefox/59.0"
::1 - - [Mon, 07 May 2018 14:26:33 GMT] "GET / HTTP/1.1" 304 - "http://localhost:3000/u/ddd" "Mozilla/5.0 (Windows NT 10.0; Win64; x64; rv:59.0) Gecko/20100101 Firefox/59.0"
::1 - - [Mon, 07 May 2018 14:26:34 GMT] "GET /stylesheets/style.css HTTP/1.1" 304 - "http://localhost:3000/" "Mozilla/5.0 (Windows NT 10.0; Win64; x64; rv:59.0) Gecko/20100101 Firefox/59.0"
::1 - - [Mon, 07 May 2018 14:26:34 GMT] "GET /images/leetcode.jpg HTTP/1.1" 304 - "http://localhost:3000/" "Mozilla/5.0 (Windows NT 10.0; Win64; x64; rv:59.0) Gecko/20100101 Firefox/59.0"
::1 - - [Mon, 07 May 2018 14:26:36 GMT] "GET / HTTP/1.1" 304 - "http://localhost:3000/" "Mozilla/5.0 (Windows NT 10.0; Win64; x64; rv:59.0) Gecko/20100101 Firefox/59.0"
::1 - - [Mon, 07 May 2018 14:26:36 GMT] "GET /stylesheets/style.css HTTP/1.1" 304 - "http://localhost:3000/" "Mozilla/5.0 (Windows NT 10.0; Win64; x64; rv:59.0) Gecko/20100101 Firefox/59.0"
::1 - - [Mon, 07 May 2018 14:26:36 GMT] "GET /images/leetcode.jpg HTTP/1.1" 304 - "http://localhost:3000/" "Mozilla/5.0 (Windows NT 10.0; Win64; x64; rv:59.0) Gecko/20100101 Firefox/59.0"
::1 - - [Mon, 07 May 2018 14:26:47 GMT] "GET / HTTP/1.1" 304 - "http://localhost:3000/" "Mozilla/5.0 (Windows NT 10.0; Win64; x64; rv:59.0) Gecko/20100101 Firefox/59.0"
::1 - - [Mon, 07 May 2018 14:26:47 GMT] "GET /stylesheets/style.css HTTP/1.1" 304 - "http://localhost:3000/" "Mozilla/5.0 (Windows NT 10.0; Win64; x64; rv:59.0) Gecko/20100101 Firefox/59.0"
::1 - - [Mon, 07 May 2018 14:26:47 GMT] "GET /images/leetcode.jpg HTTP/1.1" 304 - "http://localhost:3000/" "Mozilla/5.0 (Windows NT 10.0; Win64; x64; rv:59.0) Gecko/20100101 Firefox/59.0"
::1 - - [Mon, 07 May 2018 14:26:49 GMT] "GET / HTTP/1.1" 304 - "http://localhost:3000/" "Mozilla/5.0 (Windows NT 10.0; Win64; x64; rv:59.0) Gecko/20100101 Firefox/59.0"
::1 - - [Mon, 07 May 2018 14:26:49 GMT] "GET /stylesheets/style.css HTTP/1.1" 304 - "http://localhost:3000/" "Mozilla/5.0 (Windows NT 10.0; Win64; x64; rv:59.0) Gecko/20100101 Firefox/59.0"
::1 - - [Mon, 07 May 2018 14:26:49 GMT] "GET /images/leetcode.jpg HTTP/1.1" 304 - "http://localhost:3000/" "Mozilla/5.0 (Windows NT 10.0; Win64; x64; rv:59.0) Gecko/20100101 Firefox/59.0"
::1 - - [Mon, 07 May 2018 14:26:50 GMT] "GET / HTTP/1.1" 304 - "http://localhost:3000/" "Mozilla/5.0 (Windows NT 10.0; Win64; x64; rv:59.0) Gecko/20100101 Firefox/59.0"
::1 - - [Mon, 07 May 2018 14:26:50 GMT] "GET /stylesheets/style.css HTTP/1.1" 304 - "http://localhost:3000/" "Mozilla/5.0 (Windows NT 10.0; Win64; x64; rv:59.0) Gecko/20100101 Firefox/59.0"
::1 - - [Mon, 07 May 2018 14:26:50 GMT] "GET /images/leetcode.jpg HTTP/1.1" 304 - "http://localhost:3000/" "Mozilla/5.0 (Windows NT 10.0; Win64; x64; rv:59.0) Gecko/20100101 Firefox/59.0"
::1 - - [Mon, 07 May 2018 14:26:52 GMT] "GET / HTTP/1.1" 304 - "http://localhost:3000/" "Mozilla/5.0 (Windows NT 10.0; Win64; x64; rv:59.0) Gecko/20100101 Firefox/59.0"
::1 - - [Mon, 07 May 2018 14:26:52 GMT] "GET /stylesheets/style.css HTTP/1.1" 304 - "http://localhost:3000/" "Mozilla/5.0 (Windows NT 10.0; Win64; x64; rv:59.0) Gecko/20100101 Firefox/59.0"
::1 - - [Mon, 07 May 2018 14:26:52 GMT] "GET /images/leetcode.jpg HTTP/1.1" 304 - "http://localhost:3000/" "Mozilla/5.0 (Windows NT 10.0; Win64; x64; rv:59.0) Gecko/20100101 Firefox/59.0"
::1 - - [Mon, 07 May 2018 14:26:53 GMT] "GET / HTTP/1.1" 304 - "http://localhost:3000/" "Mozilla/5.0 (Windows NT 10.0; Win64; x64; rv:59.0) Gecko/20100101 Firefox/59.0"
::1 - - [Mon, 07 May 2018 14:26:53 GMT] "GET /stylesheets/style.css HTTP/1.1" 304 - "http://localhost:3000/" "Mozilla/5.0 (Windows NT 10.0; Win64; x64; rv:59.0) Gecko/20100101 Firefox/59.0"
::1 - - [Mon, 07 May 2018 14:26:53 GMT] "GET /images/leetcode.jpg HTTP/1.1" 304 - "http://localhost:3000/" "Mozilla/5.0 (Windows NT 10.0; Win64; x64; rv:59.0) Gecko/20100101 Firefox/59.0"
::1 - - [Mon, 07 May 2018 14:26:54 GMT] "GET / HTTP/1.1" 304 - "http://localhost:3000/" "Mozilla/5.0 (Windows NT 10.0; Win64; x64; rv:59.0) Gecko/20100101 Firefox/59.0"
::1 - - [Mon, 07 May 2018 14:26:54 GMT] "GET /stylesheets/style.css HTTP/1.1" 304 - "http://localhost:3000/" "Mozilla/5.0 (Windows NT 10.0; Win64; x64; rv:59.0) Gecko/20100101 Firefox/59.0"
::1 - - [Mon, 07 May 2018 14:26:54 GMT] "GET /images/leetcode.jpg HTTP/1.1" 304 - "http://localhost:3000/" "Mozilla/5.0 (Windows NT 10.0; Win64; x64; rv:59.0) Gecko/20100101 Firefox/59.0"
::1 - - [Mon, 07 May 2018 14:26:56 GMT] "GET / HTTP/1.1" 304 - "http://localhost:3000/" "Mozilla/5.0 (Windows NT 10.0; Win64; x64; rv:59.0) Gecko/20100101 Firefox/59.0"
::1 - - [Mon, 07 May 2018 14:26:56 GMT] "GET /stylesheets/style.css HTTP/1.1" 304 - "http://localhost:3000/" "Mozilla/5.0 (Windows NT 10.0; Win64; x64; rv:59.0) Gecko/20100101 Firefox/59.0"
::1 - - [Mon, 07 May 2018 14:26:56 GMT] "GET /images/leetcode.jpg HTTP/1.1" 304 - "http://localhost:3000/" "Mozilla/5.0 (Windows NT 10.0; Win64; x64; rv:59.0) Gecko/20100101 Firefox/59.0"
::1 - - [Mon, 07 May 2018 14:26:57 GMT] "GET / HTTP/1.1" 304 - "http://localhost:3000/" "Mozilla/5.0 (Windows NT 10.0; Win64; x64; rv:59.0) Gecko/20100101 Firefox/59.0"
::1 - - [Mon, 07 May 2018 14:26:57 GMT] "GET /stylesheets/style.css HTTP/1.1" 304 - "http://localhost:3000/" "Mozilla/5.0 (Windows NT 10.0; Win64; x64; rv:59.0) Gecko/20100101 Firefox/59.0"
::1 - - [Mon, 07 May 2018 14:26:57 GMT] "GET /images/leetcode.jpg HTTP/1.1" 304 - "http://localhost:3000/" "Mozilla/5.0 (Windows NT 10.0; Win64; x64; rv:59.0) Gecko/20100101 Firefox/59.0"
::1 - - [Mon, 07 May 2018 14:27:00 GMT] "GET / HTTP/1.1" 304 - "http://localhost:3000/" "Mozilla/5.0 (Windows NT 10.0; Win64; x64; rv:59.0) Gecko/20100101 Firefox/59.0"
::1 - - [Mon, 07 May 2018 14:27:00 GMT] "GET /stylesheets/style.css HTTP/1.1" 304 - "http://localhost:3000/" "Mozilla/5.0 (Windows NT 10.0; Win64; x64; rv:59.0) Gecko/20100101 Firefox/59.0"
::1 - - [Mon, 07 May 2018 14:27:00 GMT] "GET /images/leetcode.jpg HTTP/1.1" 304 - "http://localhost:3000/" "Mozilla/5.0 (Windows NT 10.0; Win64; x64; rv:59.0) Gecko/20100101 Firefox/59.0"
::1 - - [Mon, 07 May 2018 14:27:03 GMT] "GET / HTTP/1.1" 304 - "http://localhost:3000/" "Mozilla/5.0 (Windows NT 10.0; Win64; x64; rv:59.0) Gecko/20100101 Firefox/59.0"
::1 - - [Mon, 07 May 2018 14:27:04 GMT] "GET /stylesheets/style.css HTTP/1.1" 304 - "http://localhost:3000/" "Mozilla/5.0 (Windows NT 10.0; Win64; x64; rv:59.0) Gecko/20100101 Firefox/59.0"
::1 - - [Mon, 07 May 2018 14:27:04 GMT] "GET /images/leetcode.jpg HTTP/1.1" 304 - "http://localhost:3000/" "Mozilla/5.0 (Windows NT 10.0; Win64; x64; rv:59.0) Gecko/20100101 Firefox/59.0"
::1 - - [Mon, 07 May 2018 14:27:05 GMT] "GET / HTTP/1.1" 304 - "http://localhost:3000/" "Mozilla/5.0 (Windows NT 10.0; Win64; x64; rv:59.0) Gecko/20100101 Firefox/59.0"
::1 - - [Mon, 07 May 2018 14:27:05 GMT] "GET /stylesheets/style.css HTTP/1.1" 304 - "http://localhost:3000/" "Mozilla/5.0 (Windows NT 10.0; Win64; x64; rv:59.0) Gecko/20100101 Firefox/59.0"
::1 - - [Mon, 07 May 2018 14:27:05 GMT] "GET /images/leetcode.jpg HTTP/1.1" 304 - "http://localhost:3000/" "Mozilla/5.0 (Windows NT 10.0; Win64; x64; rv:59.0) Gecko/20100101 Firefox/59.0"
::1 - - [Mon, 07 May 2018 14:27:07 GMT] "GET / HTTP/1.1" 304 - "http://localhost:3000/" "Mozilla/5.0 (Windows NT 10.0; Win64; x64; rv:59.0) Gecko/20100101 Firefox/59.0"
::1 - - [Mon, 07 May 2018 14:27:07 GMT] "GET /stylesheets/style.css HTTP/1.1" 304 - "http://localhost:3000/" "Mozilla/5.0 (Windows NT 10.0; Win64; x64; rv:59.0) Gecko/20100101 Firefox/59.0"
::1 - - [Mon, 07 May 2018 14:27:07 GMT] "GET /images/leetcode.jpg HTTP/1.1" 304 - "http://localhost:3000/" "Mozilla/5.0 (Windows NT 10.0; Win64; x64; rv:59.0) Gecko/20100101 Firefox/59.0"
::1 - - [Mon, 07 May 2018 14:27:08 GMT] "GET / HTTP/1.1" 304 - "http://localhost:3000/" "Mozilla/5.0 (Windows NT 10.0; Win64; x64; rv:59.0) Gecko/20100101 Firefox/59.0"
::1 - - [Mon, 07 May 2018 14:27:08 GMT] "GET /stylesheets/style.css HTTP/1.1" 304 - "http://localhost:3000/" "Mozilla/5.0 (Windows NT 10.0; Win64; x64; rv:59.0) Gecko/20100101 Firefox/59.0"
::1 - - [Mon, 07 May 2018 14:27:08 GMT] "GET /images/leetcode.jpg HTTP/1.1" 304 - "http://localhost:3000/" "Mozilla/5.0 (Windows NT 10.0; Win64; x64; rv:59.0) Gecko/20100101 Firefox/59.0"
::1 - - [Mon, 07 May 2018 14:27:12 GMT] "GET / HTTP/1.1" 304 - "http://localhost:3000/" "Mozilla/5.0 (Windows NT 10.0; Win64; x64; rv:59.0) Gecko/20100101 Firefox/59.0"
::1 - - [Mon, 07 May 2018 14:27:12 GMT] "GET /stylesheets/style.css HTTP/1.1" 304 - "http://localhost:3000/" "Mozilla/5.0 (Windows NT 10.0; Win64; x64; rv:59.0) Gecko/20100101 Firefox/59.0"
::1 - - [Mon, 07 May 2018 14:27:12 GMT] "GET /images/leetcode.jpg HTTP/1.1" 304 - "http://localhost:3000/" "Mozilla/5.0 (Windows NT 10.0; Win64; x64; rv:59.0) Gecko/20100101 Firefox/59.0"
::1 - - [Mon, 07 May 2018 14:27:14 GMT] "GET / HTTP/1.1" 304 - "http://localhost:3000/" "Mozilla/5.0 (Windows NT 10.0; Win64; x64; rv:59.0) Gecko/20100101 Firefox/59.0"
::1 - - [Mon, 07 May 2018 14:27:14 GMT] "GET /stylesheets/style.css HTTP/1.1" 304 - "http://localhost:3000/" "Mozilla/5.0 (Windows NT 10.0; Win64; x64; rv:59.0) Gecko/20100101 Firefox/59.0"
::1 - - [Mon, 07 May 2018 14:27:14 GMT] "GET /images/leetcode.jpg HTTP/1.1" 304 - "http://localhost:3000/" "Mozilla/5.0 (Windows NT 10.0; Win64; x64; rv:59.0) Gecko/20100101 Firefox/59.0"
::1 - - [Mon, 07 May 2018 14:27:16 GMT] "GET / HTTP/1.1" 304 - "http://localhost:3000/" "Mozilla/5.0 (Windows NT 10.0; Win64; x64; rv:59.0) Gecko/20100101 Firefox/59.0"
::1 - - [Mon, 07 May 2018 14:27:16 GMT] "GET /stylesheets/style.css HTTP/1.1" 304 - "http://localhost:3000/" "Mozilla/5.0 (Windows NT 10.0; Win64; x64; rv:59.0) Gecko/20100101 Firefox/59.0"
::1 - - [Mon, 07 May 2018 14:27:16 GMT] "GET /images/leetcode.jpg HTTP/1.1" 304 - "http://localhost:3000/" "Mozilla/5.0 (Windows NT 10.0; Win64; x64; rv:59.0) Gecko/20100101 Firefox/59.0"
::1 - - [Mon, 07 May 2018 14:27:19 GMT] "GET / HTTP/1.1" 304 - "http://localhost:3000/" "Mozilla/5.0 (Windows NT 10.0; Win64; x64; rv:59.0) Gecko/20100101 Firefox/59.0"
::1 - - [Mon, 07 May 2018 14:27:19 GMT] "GET /stylesheets/style.css HTTP/1.1" 304 - "http://localhost:3000/" "Mozilla/5.0 (Windows NT 10.0; Win64; x64; rv:59.0) Gecko/20100101 Firefox/59.0"
::1 - - [Mon, 07 May 2018 14:27:19 GMT] "GET /images/leetcode.jpg HTTP/1.1" 304 - "http://localhost:3000/" "Mozilla/5.0 (Windows NT 10.0; Win64; x64; rv:59.0) Gecko/20100101 Firefox/59.0"
::1 - - [Mon, 07 May 2018 14:27:38 GMT] "GET / HTTP/1.1" 304 - "http://localhost:3000/" "Mozilla/5.0 (Windows NT 10.0; Win64; x64; rv:59.0) Gecko/20100101 Firefox/59.0"
::1 - - [Mon, 07 May 2018 14:27:38 GMT] "GET /stylesheets/style.css HTTP/1.1" 304 - "http://localhost:3000/" "Mozilla/5.0 (Windows NT 10.0; Win64; x64; rv:59.0) Gecko/20100101 Firefox/59.0"
::1 - - [Mon, 07 May 2018 14:27:38 GMT] "GET /images/leetcode.jpg HTTP/1.1" 304 - "http://localhost:3000/" "Mozilla/5.0 (Windows NT 10.0; Win64; x64; rv:59.0) Gecko/20100101 Firefox/59.0"
::1 - - [Mon, 07 May 2018 14:28:46 GMT] "GET / HTTP/1.1" 200 4444 "http://localhost:3000/" "Mozilla/5.0 (Windows NT 10.0; Win64; x64; rv:59.0) Gecko/20100101 Firefox/59.0"
::1 - - [Mon, 07 May 2018 14:28:46 GMT] "GET /stylesheets/style.css HTTP/1.1" 304 - "http://localhost:3000/" "Mozilla/5.0 (Windows NT 10.0; Win64; x64; rv:59.0) Gecko/20100101 Firefox/59.0"
::1 - - [Mon, 07 May 2018 14:28:46 GMT] "GET /images/leetcode.jpg HTTP/1.1" 304 - "http://localhost:3000/" "Mozilla/5.0 (Windows NT 10.0; Win64; x64; rv:59.0) Gecko/20100101 Firefox/59.0"
::1 - - [Mon, 07 May 2018 14:28:48 GMT] "GET /u/%E5%BC%A0%E6%96%87%E9%B8%BD HTTP/1.1" 304 - "http://localhost:3000/" "Mozilla/5.0 (Windows NT 10.0; Win64; x64; rv:59.0) Gecko/20100101 Firefox/59.0"
::1 - - [Mon, 07 May 2018 14:28:49 GMT] "GET /stylesheets/style.css HTTP/1.1" 304 - "http://localhost:3000/u/%E5%BC%A0%E6%96%87%E9%B8%BD" "Mozilla/5.0 (Windows NT 10.0; Win64; x64; rv:59.0) Gecko/20100101 Firefox/59.0"
::1 - - [Mon, 07 May 2018 14:29:29 GMT] "GET / HTTP/1.1" 200 4581 "http://localhost:3000/" "Mozilla/5.0 (Windows NT 10.0; Win64; x64; rv:59.0) Gecko/20100101 Firefox/59.0"
::1 - - [Mon, 07 May 2018 14:29:29 GMT] "GET /stylesheets/style.css HTTP/1.1" 304 - "http://localhost:3000/" "Mozilla/5.0 (Windows NT 10.0; Win64; x64; rv:59.0) Gecko/20100101 Firefox/59.0"
::1 - - [Mon, 07 May 2018 14:29:29 GMT] "GET /images/leetcode.jpg HTTP/1.1" 304 - "http://localhost:3000/" "Mozilla/5.0 (Windows NT 10.0; Win64; x64; rv:59.0) Gecko/20100101 Firefox/59.0"
::1 - - [Mon, 07 May 2018 14:29:31 GMT] "GET /u/ddd/ddd HTTP/1.1" 304 - "http://localhost:3000/" "Mozilla/5.0 (Windows NT 10.0; Win64; x64; rv:59.0) Gecko/20100101 Firefox/59.0"
::1 - - [Mon, 07 May 2018 14:29:31 GMT] "GET /stylesheets/style.css HTTP/1.1" 304 - "http://localhost:3000/u/ddd/ddd" "Mozilla/5.0 (Windows NT 10.0; Win64; x64; rv:59.0) Gecko/20100101 Firefox/59.0"
::1 - - [Mon, 07 May 2018 14:29:38 GMT] "GET /u//Linux%20%E4%BA%94%E7%A7%8DIO%E6%A8%A1%E5%9E%8B HTTP/1.1" 200 216 "http://localhost:3000/" "Mozilla/5.0 (Windows NT 10.0; Win64; x64; rv:59.0) Gecko/20100101 Firefox/59.0"
::1 - - [Mon, 07 May 2018 14:29:54 GMT] "GET /u/%E5%BC%A0%E6%96%87%E9%B8%BD/%E6%B8%85%E5%B9%B3%E8%B0%83%E5%85%B6%E4%B8%80 HTTP/1.1" 200 927 "http://localhost:3000/" "Mozilla/5.0 (Windows NT 10.0; Win64; x64; rv:59.0) Gecko/20100101 Firefox/59.0"
::1 - - [Mon, 07 May 2018 14:29:54 GMT] "GET /stylesheets/style.css HTTP/1.1" 304 - "http://localhost:3000/u/%E5%BC%A0%E6%96%87%E9%B8%BD/%E6%B8%85%E5%B9%B3%E8%B0%83%E5%85%B6%E4%B8%80" "Mozilla/5.0 (Windows NT 10.0; Win64; x64; rv:59.0) Gecko/20100101 Firefox/59.0"
::1 - - [Mon, 07 May 2018 14:31:14 GMT] "GET / HTTP/1.1" 304 - "http://localhost:3000/" "Mozilla/5.0 (Windows NT 10.0; Win64; x64; rv:59.0) Gecko/20100101 Firefox/59.0"
::1 - - [Mon, 07 May 2018 14:31:14 GMT] "GET /stylesheets/style.css HTTP/1.1" 200 895 "http://localhost:3000/" "Mozilla/5.0 (Windows NT 10.0; Win64; x64; rv:59.0) Gecko/20100101 Firefox/59.0"
::1 - - [Mon, 07 May 2018 14:31:14 GMT] "GET /images/leetcode.jpg HTTP/1.1" 304 - "http://localhost:3000/" "Mozilla/5.0 (Windows NT 10.0; Win64; x64; rv:59.0) Gecko/20100101 Firefox/59.0"
::1 - - [Mon, 07 May 2018 14:31:15 GMT] "GET /u/ddd/ddd HTTP/1.1" 500 1982 "http://localhost:3000/" "Mozilla/5.0 (Windows NT 10.0; Win64; x64; rv:59.0) Gecko/20100101 Firefox/59.0"
::1 - - [Mon, 07 May 2018 14:32:22 GMT] "GET / HTTP/1.1" 304 - "http://localhost:3000/" "Mozilla/5.0 (Windows NT 10.0; Win64; x64; rv:59.0) Gecko/20100101 Firefox/59.0"
::1 - - [Mon, 07 May 2018 14:32:22 GMT] "GET /stylesheets/style.css HTTP/1.1" 304 - "http://localhost:3000/" "Mozilla/5.0 (Windows NT 10.0; Win64; x64; rv:59.0) Gecko/20100101 Firefox/59.0"
::1 - - [Mon, 07 May 2018 14:32:22 GMT] "GET /images/leetcode.jpg HTTP/1.1" 304 - "http://localhost:3000/" "Mozilla/5.0 (Windows NT 10.0; Win64; x64; rv:59.0) Gecko/20100101 Firefox/59.0"
::1 - - [Mon, 07 May 2018 14:32:22 GMT] "GET /u/ddd/ddd HTTP/1.1" 200 880 "http://localhost:3000/" "Mozilla/5.0 (Windows NT 10.0; Win64; x64; rv:59.0) Gecko/20100101 Firefox/59.0"
::1 - - [Mon, 07 May 2018 14:32:22 GMT] "GET /stylesheets/style.css HTTP/1.1" 304 - "http://localhost:3000/u/ddd/ddd" "Mozilla/5.0 (Windows NT 10.0; Win64; x64; rv:59.0) Gecko/20100101 Firefox/59.0"
::1 - - [Mon, 07 May 2018 14:39:52 GMT] "GET / HTTP/1.1" 304 - "http://localhost:3000/" "Mozilla/5.0 (Windows NT 10.0; Win64; x64; rv:59.0) Gecko/20100101 Firefox/59.0"
::1 - - [Mon, 07 May 2018 14:39:52 GMT] "GET /stylesheets/style.css HTTP/1.1" 200 895 "http://localhost:3000/" "Mozilla/5.0 (Windows NT 10.0; Win64; x64; rv:59.0) Gecko/20100101 Firefox/59.0"
::1 - - [Mon, 07 May 2018 14:39:52 GMT] "GET /images/leetcode.jpg HTTP/1.1" 304 - "http://localhost:3000/" "Mozilla/5.0 (Windows NT 10.0; Win64; x64; rv:59.0) Gecko/20100101 Firefox/59.0"
::1 - - [Mon, 07 May 2018 14:39:55 GMT] "GET /u/ddd/ddd HTTP/1.1" 304 - "http://localhost:3000/" "Mozilla/5.0 (Windows NT 10.0; Win64; x64; rv:59.0) Gecko/20100101 Firefox/59.0"
::1 - - [Mon, 07 May 2018 14:39:55 GMT] "GET /stylesheets/style.css HTTP/1.1" 304 - "http://localhost:3000/u/ddd/ddd" "Mozilla/5.0 (Windows NT 10.0; Win64; x64; rv:59.0) Gecko/20100101 Firefox/59.0"
::1 - - [Mon, 07 May 2018 14:39:58 GMT] "GET /edit/ddd/ddd HTTP/1.1" 200 897 "http://localhost:3000/u/ddd/ddd" "Mozilla/5.0 (Windows NT 10.0; Win64; x64; rv:59.0) Gecko/20100101 Firefox/59.0"
::1 - - [Mon, 07 May 2018 14:39:58 GMT] "GET /stylesheets/style.css HTTP/1.1" 304 - "http://localhost:3000/edit/ddd/ddd" "Mozilla/5.0 (Windows NT 10.0; Win64; x64; rv:59.0) Gecko/20100101 Firefox/59.0"
::1 - - [Mon, 07 May 2018 14:40:08 GMT] "POST /edit/ddd/ddd HTTP/1.1" 200 216 "http://localhost:3000/edit/ddd/ddd" "Mozilla/5.0 (Windows NT 10.0; Win64; x64; rv:59.0) Gecko/20100101 Firefox/59.0"
::1 - - [Mon, 07 May 2018 14:40:10 GMT] "GET /edit/ddd/ddd HTTP/1.1" 200 897 "http://localhost:3000/u/ddd/ddd" "Mozilla/5.0 (Windows NT 10.0; Win64; x64; rv:59.0) Gecko/20100101 Firefox/59.0"
